[2025-10-28T00:04:43.906+0000] {local_task_job_runner.py:120} INFO - ::group::Pre task execution logs
[2025-10-28T00:04:43.935+0000] {taskinstance.py:2076} INFO - Dependencies all met for dep_context=non-requeueable deps ti=<TaskInstance: my_first_dag.print_date manual__2025-10-28T00:04:42.685338+00:00 [queued]>
[2025-10-28T00:04:43.941+0000] {taskinstance.py:2076} INFO - Dependencies all met for dep_context=requeueable deps ti=<TaskInstance: my_first_dag.print_date manual__2025-10-28T00:04:42.685338+00:00 [queued]>
[2025-10-28T00:04:43.942+0000] {taskinstance.py:2306} INFO - Starting attempt 1 of 1
[2025-10-28T00:04:43.954+0000] {taskinstance.py:2330} INFO - Executing <Task(BashOperator): print_date> on 2025-10-28 00:04:42.685338+00:00
[2025-10-28T00:04:43.961+0000] {standard_task_runner.py:90} INFO - Running: ['***', 'tasks', 'run', 'my_first_dag', 'print_date', 'manual__2025-10-28T00:04:42.685338+00:00', '--job-id', '13', '--raw', '--subdir', 'DAGS_FOLDER/my_first_dag.py', '--cfg-path', '/tmp/tmpo6tk129w']
[2025-10-28T00:04:43.964+0000] {standard_task_runner.py:91} INFO - Job 13: Subtask print_date
[2025-10-28T00:04:43.965+0000] {logging_mixin.py:188} WARNING - /home/***/.local/lib/python3.12/site-packages/***/task/task_runner/standard_task_runner.py:61 DeprecationWarning: This process (pid=835) is multi-threaded, use of fork() may lead to deadlocks in the child.
[2025-10-28T00:04:43.965+0000] {standard_task_runner.py:63} INFO - Started process 836 to run task
[2025-10-28T00:04:44.016+0000] {task_command.py:426} INFO - Running <TaskInstance: my_first_dag.print_date manual__2025-10-28T00:04:42.685338+00:00 [running]> on host a0d507de029d
[2025-10-28T00:04:44.099+0000] {taskinstance.py:2648} INFO - Exporting env vars: AIRFLOW_CTX_DAG_OWNER='***' AIRFLOW_CTX_DAG_ID='my_first_dag' AIRFLOW_CTX_TASK_ID='print_date' AIRFLOW_CTX_EXECUTION_DATE='2025-10-28T00:04:42.685338+00:00' AIRFLOW_CTX_TRY_NUMBER='1' AIRFLOW_CTX_DAG_RUN_ID='manual__2025-10-28T00:04:42.685338+00:00'
[2025-10-28T00:04:44.100+0000] {taskinstance.py:430} INFO - ::endgroup::
[2025-10-28T00:04:44.116+0000] {subprocess.py:63} INFO - Tmp dir root location: /tmp
[2025-10-28T00:04:44.117+0000] {subprocess.py:75} INFO - Running command: ['/usr/bin/bash', '-c', 'date']
[2025-10-28T00:04:44.129+0000] {subprocess.py:86} INFO - Output:
[2025-10-28T00:04:44.134+0000] {subprocess.py:93} INFO - Tue Oct 28 00:04:44 UTC 2025
[2025-10-28T00:04:44.135+0000] {subprocess.py:97} INFO - Command exited with return code 0
[2025-10-28T00:04:44.136+0000] {taskinstance.py:441} INFO - ::group::Post task execution logs
[2025-10-28T00:04:44.167+0000] {taskinstance.py:1206} INFO - Marking task as SUCCESS. dag_id=my_first_dag, task_id=print_date, run_id=manual__2025-10-28T00:04:42.685338+00:00, execution_date=20251028T000442, start_date=20251028T000443, end_date=20251028T000444
[2025-10-28T00:04:44.219+0000] {local_task_job_runner.py:240} INFO - Task exited with return code 0
[2025-10-28T00:04:44.237+0000] {taskinstance.py:3498} INFO - 1 downstream tasks scheduled from follow-on schedule check
[2025-10-28T00:04:44.241+0000] {local_task_job_runner.py:222} INFO - ::endgroup::
