[2025-10-27T23:13:10.492+0000] {processor.py:161} INFO - Started process (PID=171) to work on /opt/airflow/dags/hello_dag.py
[2025-10-27T23:13:10.493+0000] {processor.py:830} INFO - Processing file /opt/airflow/dags/hello_dag.py for tasks to queue
[2025-10-27T23:13:10.495+0000] {logging_mixin.py:188} INFO - [2025-10-27T23:13:10.495+0000] {dagbag.py:545} INFO - Filling up the DagBag from /opt/airflow/dags/hello_dag.py
[2025-10-27T23:13:10.520+0000] {processor.py:840} INFO - DAG(s) 'hello_world' retrieved from /opt/airflow/dags/hello_dag.py
[2025-10-27T23:13:10.547+0000] {logging_mixin.py:188} INFO - [2025-10-27T23:13:10.547+0000] {dag.py:3096} INFO - Sync 1 DAGs
[2025-10-27T23:13:10.569+0000] {logging_mixin.py:188} INFO - [2025-10-27T23:13:10.569+0000] {dag.py:3954} INFO - Setting next_dagrun for hello_world to 2025-10-27 00:00:00+00:00, run_after=2025-10-28 00:00:00+00:00
[2025-10-27T23:13:10.588+0000] {processor.py:183} INFO - Processing /opt/airflow/dags/hello_dag.py took 0.103 seconds
[2025-10-27T23:13:40.657+0000] {processor.py:161} INFO - Started process (PID=179) to work on /opt/airflow/dags/hello_dag.py
[2025-10-27T23:13:40.657+0000] {processor.py:830} INFO - Processing file /opt/airflow/dags/hello_dag.py for tasks to queue
[2025-10-27T23:13:40.660+0000] {logging_mixin.py:188} INFO - [2025-10-27T23:13:40.660+0000] {dagbag.py:545} INFO - Filling up the DagBag from /opt/airflow/dags/hello_dag.py
[2025-10-27T23:13:40.681+0000] {processor.py:840} INFO - DAG(s) 'hello_world' retrieved from /opt/airflow/dags/hello_dag.py
[2025-10-27T23:13:40.879+0000] {logging_mixin.py:188} INFO - [2025-10-27T23:13:40.878+0000] {dag.py:3096} INFO - Sync 1 DAGs
[2025-10-27T23:13:40.895+0000] {logging_mixin.py:188} INFO - [2025-10-27T23:13:40.895+0000] {dag.py:3954} INFO - Setting next_dagrun for hello_world to 2025-10-27 00:00:00+00:00, run_after=2025-10-28 00:00:00+00:00
[2025-10-27T23:13:40.912+0000] {processor.py:183} INFO - Processing /opt/airflow/dags/hello_dag.py took 0.261 seconds
[2025-10-27T23:14:11.053+0000] {processor.py:161} INFO - Started process (PID=184) to work on /opt/airflow/dags/hello_dag.py
[2025-10-27T23:14:11.054+0000] {processor.py:830} INFO - Processing file /opt/airflow/dags/hello_dag.py for tasks to queue
[2025-10-27T23:14:11.056+0000] {logging_mixin.py:188} INFO - [2025-10-27T23:14:11.056+0000] {dagbag.py:545} INFO - Filling up the DagBag from /opt/airflow/dags/hello_dag.py
[2025-10-27T23:14:11.075+0000] {processor.py:840} INFO - DAG(s) 'hello_world' retrieved from /opt/airflow/dags/hello_dag.py
[2025-10-27T23:14:11.104+0000] {logging_mixin.py:188} INFO - [2025-10-27T23:14:11.104+0000] {dag.py:3096} INFO - Sync 1 DAGs
[2025-10-27T23:14:11.125+0000] {logging_mixin.py:188} INFO - [2025-10-27T23:14:11.125+0000] {dag.py:3954} INFO - Setting next_dagrun for hello_world to 2025-10-27 00:00:00+00:00, run_after=2025-10-28 00:00:00+00:00
[2025-10-27T23:14:11.147+0000] {processor.py:183} INFO - Processing /opt/airflow/dags/hello_dag.py took 0.098 seconds
[2025-10-27T23:14:41.282+0000] {processor.py:161} INFO - Started process (PID=189) to work on /opt/airflow/dags/hello_dag.py
[2025-10-27T23:14:41.282+0000] {processor.py:830} INFO - Processing file /opt/airflow/dags/hello_dag.py for tasks to queue
[2025-10-27T23:14:41.284+0000] {logging_mixin.py:188} INFO - [2025-10-27T23:14:41.284+0000] {dagbag.py:545} INFO - Filling up the DagBag from /opt/airflow/dags/hello_dag.py
[2025-10-27T23:14:41.303+0000] {processor.py:840} INFO - DAG(s) 'hello_world' retrieved from /opt/airflow/dags/hello_dag.py
[2025-10-27T23:14:41.329+0000] {logging_mixin.py:188} INFO - [2025-10-27T23:14:41.329+0000] {dag.py:3096} INFO - Sync 1 DAGs
[2025-10-27T23:14:41.350+0000] {logging_mixin.py:188} INFO - [2025-10-27T23:14:41.350+0000] {dag.py:3954} INFO - Setting next_dagrun for hello_world to 2025-10-27 00:00:00+00:00, run_after=2025-10-28 00:00:00+00:00
[2025-10-27T23:14:41.368+0000] {processor.py:183} INFO - Processing /opt/airflow/dags/hello_dag.py took 0.092 seconds
[2025-10-27T23:15:11.423+0000] {processor.py:161} INFO - Started process (PID=194) to work on /opt/airflow/dags/hello_dag.py
[2025-10-27T23:15:11.424+0000] {processor.py:830} INFO - Processing file /opt/airflow/dags/hello_dag.py for tasks to queue
[2025-10-27T23:15:11.426+0000] {logging_mixin.py:188} INFO - [2025-10-27T23:15:11.425+0000] {dagbag.py:545} INFO - Filling up the DagBag from /opt/airflow/dags/hello_dag.py
[2025-10-27T23:15:11.445+0000] {processor.py:840} INFO - DAG(s) 'hello_world' retrieved from /opt/airflow/dags/hello_dag.py
[2025-10-27T23:15:11.472+0000] {logging_mixin.py:188} INFO - [2025-10-27T23:15:11.472+0000] {dag.py:3096} INFO - Sync 1 DAGs
[2025-10-27T23:15:11.492+0000] {logging_mixin.py:188} INFO - [2025-10-27T23:15:11.492+0000] {dag.py:3954} INFO - Setting next_dagrun for hello_world to 2025-10-27 00:00:00+00:00, run_after=2025-10-28 00:00:00+00:00
[2025-10-27T23:15:11.510+0000] {processor.py:183} INFO - Processing /opt/airflow/dags/hello_dag.py took 0.094 seconds
[2025-10-27T23:15:41.627+0000] {processor.py:161} INFO - Started process (PID=199) to work on /opt/airflow/dags/hello_dag.py
[2025-10-27T23:15:41.628+0000] {processor.py:830} INFO - Processing file /opt/airflow/dags/hello_dag.py for tasks to queue
[2025-10-27T23:15:41.630+0000] {logging_mixin.py:188} INFO - [2025-10-27T23:15:41.629+0000] {dagbag.py:545} INFO - Filling up the DagBag from /opt/airflow/dags/hello_dag.py
[2025-10-27T23:15:41.650+0000] {processor.py:840} INFO - DAG(s) 'hello_world' retrieved from /opt/airflow/dags/hello_dag.py
[2025-10-27T23:15:41.677+0000] {logging_mixin.py:188} INFO - [2025-10-27T23:15:41.677+0000] {dag.py:3096} INFO - Sync 1 DAGs
[2025-10-27T23:15:41.698+0000] {logging_mixin.py:188} INFO - [2025-10-27T23:15:41.698+0000] {dag.py:3954} INFO - Setting next_dagrun for hello_world to 2025-10-27 00:00:00+00:00, run_after=2025-10-28 00:00:00+00:00
[2025-10-27T23:15:41.715+0000] {processor.py:183} INFO - Processing /opt/airflow/dags/hello_dag.py took 0.093 seconds
[2025-10-27T23:16:11.771+0000] {processor.py:161} INFO - Started process (PID=204) to work on /opt/airflow/dags/hello_dag.py
[2025-10-27T23:16:11.772+0000] {processor.py:830} INFO - Processing file /opt/airflow/dags/hello_dag.py for tasks to queue
[2025-10-27T23:16:11.773+0000] {logging_mixin.py:188} INFO - [2025-10-27T23:16:11.773+0000] {dagbag.py:545} INFO - Filling up the DagBag from /opt/airflow/dags/hello_dag.py
[2025-10-27T23:16:11.791+0000] {processor.py:840} INFO - DAG(s) 'hello_world' retrieved from /opt/airflow/dags/hello_dag.py
[2025-10-27T23:16:11.817+0000] {logging_mixin.py:188} INFO - [2025-10-27T23:16:11.817+0000] {dag.py:3096} INFO - Sync 1 DAGs
[2025-10-27T23:16:11.837+0000] {logging_mixin.py:188} INFO - [2025-10-27T23:16:11.836+0000] {dag.py:3954} INFO - Setting next_dagrun for hello_world to 2025-10-27 00:00:00+00:00, run_after=2025-10-28 00:00:00+00:00
[2025-10-27T23:16:11.854+0000] {processor.py:183} INFO - Processing /opt/airflow/dags/hello_dag.py took 0.088 seconds
[2025-10-27T23:16:41.958+0000] {processor.py:161} INFO - Started process (PID=209) to work on /opt/airflow/dags/hello_dag.py
[2025-10-27T23:16:41.959+0000] {processor.py:830} INFO - Processing file /opt/airflow/dags/hello_dag.py for tasks to queue
[2025-10-27T23:16:41.960+0000] {logging_mixin.py:188} INFO - [2025-10-27T23:16:41.960+0000] {dagbag.py:545} INFO - Filling up the DagBag from /opt/airflow/dags/hello_dag.py
[2025-10-27T23:16:41.978+0000] {processor.py:840} INFO - DAG(s) 'hello_world' retrieved from /opt/airflow/dags/hello_dag.py
[2025-10-27T23:16:41.999+0000] {logging_mixin.py:188} INFO - [2025-10-27T23:16:41.999+0000] {dag.py:3096} INFO - Sync 1 DAGs
[2025-10-27T23:16:42.018+0000] {logging_mixin.py:188} INFO - [2025-10-27T23:16:42.017+0000] {dag.py:3954} INFO - Setting next_dagrun for hello_world to 2025-10-27 00:00:00+00:00, run_after=2025-10-28 00:00:00+00:00
[2025-10-27T23:16:42.037+0000] {processor.py:183} INFO - Processing /opt/airflow/dags/hello_dag.py took 0.083 seconds
[2025-10-27T23:17:02.063+0000] {processor.py:161} INFO - Started process (PID=214) to work on /opt/airflow/dags/hello_dag.py
[2025-10-27T23:17:02.064+0000] {processor.py:830} INFO - Processing file /opt/airflow/dags/hello_dag.py for tasks to queue
[2025-10-27T23:17:02.067+0000] {logging_mixin.py:188} INFO - [2025-10-27T23:17:02.066+0000] {dagbag.py:545} INFO - Filling up the DagBag from /opt/airflow/dags/hello_dag.py
[2025-10-27T23:17:02.100+0000] {processor.py:840} INFO - DAG(s) 'hello_world' retrieved from /opt/airflow/dags/hello_dag.py
[2025-10-27T23:17:02.126+0000] {logging_mixin.py:188} INFO - [2025-10-27T23:17:02.125+0000] {dag.py:3096} INFO - Sync 1 DAGs
[2025-10-27T23:17:02.145+0000] {logging_mixin.py:188} INFO - [2025-10-27T23:17:02.145+0000] {dag.py:3954} INFO - Setting next_dagrun for hello_world to 2025-10-27 00:00:00+00:00, run_after=2025-10-28 00:00:00+00:00
[2025-10-27T23:17:02.166+0000] {processor.py:183} INFO - Processing /opt/airflow/dags/hello_dag.py took 0.109 seconds
[2025-10-27T23:17:32.277+0000] {processor.py:161} INFO - Started process (PID=219) to work on /opt/airflow/dags/hello_dag.py
[2025-10-27T23:17:32.278+0000] {processor.py:830} INFO - Processing file /opt/airflow/dags/hello_dag.py for tasks to queue
[2025-10-27T23:17:32.280+0000] {logging_mixin.py:188} INFO - [2025-10-27T23:17:32.280+0000] {dagbag.py:545} INFO - Filling up the DagBag from /opt/airflow/dags/hello_dag.py
[2025-10-27T23:17:32.300+0000] {processor.py:840} INFO - DAG(s) 'hello_world' retrieved from /opt/airflow/dags/hello_dag.py
[2025-10-27T23:17:32.324+0000] {logging_mixin.py:188} INFO - [2025-10-27T23:17:32.324+0000] {dag.py:3096} INFO - Sync 1 DAGs
[2025-10-27T23:17:32.344+0000] {logging_mixin.py:188} INFO - [2025-10-27T23:17:32.343+0000] {dag.py:3954} INFO - Setting next_dagrun for hello_world to 2025-10-27 00:00:00+00:00, run_after=2025-10-28 00:00:00+00:00
[2025-10-27T23:17:32.361+0000] {processor.py:183} INFO - Processing /opt/airflow/dags/hello_dag.py took 0.090 seconds
[2025-10-27T23:18:02.404+0000] {processor.py:161} INFO - Started process (PID=224) to work on /opt/airflow/dags/hello_dag.py
[2025-10-27T23:18:02.405+0000] {processor.py:830} INFO - Processing file /opt/airflow/dags/hello_dag.py for tasks to queue
[2025-10-27T23:18:02.406+0000] {logging_mixin.py:188} INFO - [2025-10-27T23:18:02.406+0000] {dagbag.py:545} INFO - Filling up the DagBag from /opt/airflow/dags/hello_dag.py
[2025-10-27T23:18:02.429+0000] {processor.py:840} INFO - DAG(s) 'hello_world' retrieved from /opt/airflow/dags/hello_dag.py
[2025-10-27T23:18:02.458+0000] {logging_mixin.py:188} INFO - [2025-10-27T23:18:02.457+0000] {dag.py:3096} INFO - Sync 1 DAGs
[2025-10-27T23:18:02.480+0000] {logging_mixin.py:188} INFO - [2025-10-27T23:18:02.480+0000] {dag.py:3954} INFO - Setting next_dagrun for hello_world to 2025-10-27 00:00:00+00:00, run_after=2025-10-28 00:00:00+00:00
[2025-10-27T23:18:02.500+0000] {processor.py:183} INFO - Processing /opt/airflow/dags/hello_dag.py took 0.101 seconds
[2025-10-27T23:18:32.637+0000] {processor.py:161} INFO - Started process (PID=229) to work on /opt/airflow/dags/hello_dag.py
[2025-10-27T23:18:32.638+0000] {processor.py:830} INFO - Processing file /opt/airflow/dags/hello_dag.py for tasks to queue
[2025-10-27T23:18:32.640+0000] {logging_mixin.py:188} INFO - [2025-10-27T23:18:32.640+0000] {dagbag.py:545} INFO - Filling up the DagBag from /opt/airflow/dags/hello_dag.py
[2025-10-27T23:18:32.660+0000] {processor.py:840} INFO - DAG(s) 'hello_world' retrieved from /opt/airflow/dags/hello_dag.py
[2025-10-27T23:18:32.691+0000] {logging_mixin.py:188} INFO - [2025-10-27T23:18:32.690+0000] {dag.py:3096} INFO - Sync 1 DAGs
[2025-10-27T23:18:32.719+0000] {logging_mixin.py:188} INFO - [2025-10-27T23:18:32.719+0000] {dag.py:3954} INFO - Setting next_dagrun for hello_world to 2025-10-27 00:00:00+00:00, run_after=2025-10-28 00:00:00+00:00
[2025-10-27T23:18:32.742+0000] {processor.py:183} INFO - Processing /opt/airflow/dags/hello_dag.py took 0.110 seconds
[2025-10-27T23:18:43.823+0000] {processor.py:161} INFO - Started process (PID=234) to work on /opt/airflow/dags/hello_dag.py
[2025-10-27T23:18:43.824+0000] {processor.py:830} INFO - Processing file /opt/airflow/dags/hello_dag.py for tasks to queue
[2025-10-27T23:18:43.825+0000] {logging_mixin.py:188} INFO - [2025-10-27T23:18:43.825+0000] {dagbag.py:545} INFO - Filling up the DagBag from /opt/airflow/dags/hello_dag.py
[2025-10-27T23:18:43.855+0000] {processor.py:840} INFO - DAG(s) 'hello_world' retrieved from /opt/airflow/dags/hello_dag.py
[2025-10-27T23:18:43.886+0000] {logging_mixin.py:188} INFO - [2025-10-27T23:18:43.886+0000] {dag.py:3096} INFO - Sync 1 DAGs
[2025-10-27T23:18:43.914+0000] {logging_mixin.py:188} INFO - [2025-10-27T23:18:43.914+0000] {dag.py:3954} INFO - Setting next_dagrun for hello_world to 2025-10-27 00:00:00+00:00, run_after=2025-10-28 00:00:00+00:00
[2025-10-27T23:18:43.942+0000] {processor.py:183} INFO - Processing /opt/airflow/dags/hello_dag.py took 0.124 seconds
[2025-10-27T23:19:14.091+0000] {processor.py:161} INFO - Started process (PID=239) to work on /opt/airflow/dags/hello_dag.py
[2025-10-27T23:19:14.092+0000] {processor.py:830} INFO - Processing file /opt/airflow/dags/hello_dag.py for tasks to queue
[2025-10-27T23:19:14.094+0000] {logging_mixin.py:188} INFO - [2025-10-27T23:19:14.094+0000] {dagbag.py:545} INFO - Filling up the DagBag from /opt/airflow/dags/hello_dag.py
[2025-10-27T23:19:14.113+0000] {processor.py:840} INFO - DAG(s) 'hello_world' retrieved from /opt/airflow/dags/hello_dag.py
[2025-10-27T23:19:14.124+0000] {logging_mixin.py:188} INFO - [2025-10-27T23:19:14.124+0000] {dag.py:3096} INFO - Sync 1 DAGs
[2025-10-27T23:19:14.144+0000] {logging_mixin.py:188} INFO - [2025-10-27T23:19:14.143+0000] {dag.py:3954} INFO - Setting next_dagrun for hello_world to 2025-10-27 00:00:00+00:00, run_after=2025-10-28 00:00:00+00:00
[2025-10-27T23:19:14.161+0000] {processor.py:183} INFO - Processing /opt/airflow/dags/hello_dag.py took 0.077 seconds
[2025-10-27T23:19:44.235+0000] {processor.py:161} INFO - Started process (PID=244) to work on /opt/airflow/dags/hello_dag.py
[2025-10-27T23:19:44.236+0000] {processor.py:830} INFO - Processing file /opt/airflow/dags/hello_dag.py for tasks to queue
[2025-10-27T23:19:44.238+0000] {logging_mixin.py:188} INFO - [2025-10-27T23:19:44.237+0000] {dagbag.py:545} INFO - Filling up the DagBag from /opt/airflow/dags/hello_dag.py
[2025-10-27T23:19:44.259+0000] {processor.py:840} INFO - DAG(s) 'hello_world' retrieved from /opt/airflow/dags/hello_dag.py
[2025-10-27T23:19:44.361+0000] {logging_mixin.py:188} INFO - [2025-10-27T23:19:44.361+0000] {dag.py:3096} INFO - Sync 1 DAGs
[2025-10-27T23:19:44.379+0000] {logging_mixin.py:188} INFO - [2025-10-27T23:19:44.379+0000] {dag.py:3954} INFO - Setting next_dagrun for hello_world to 2025-10-27 00:00:00+00:00, run_after=2025-10-28 00:00:00+00:00
[2025-10-27T23:19:44.397+0000] {processor.py:183} INFO - Processing /opt/airflow/dags/hello_dag.py took 0.168 seconds
[2025-10-27T23:20:14.452+0000] {processor.py:161} INFO - Started process (PID=249) to work on /opt/airflow/dags/hello_dag.py
[2025-10-27T23:20:14.453+0000] {processor.py:830} INFO - Processing file /opt/airflow/dags/hello_dag.py for tasks to queue
[2025-10-27T23:20:14.455+0000] {logging_mixin.py:188} INFO - [2025-10-27T23:20:14.454+0000] {dagbag.py:545} INFO - Filling up the DagBag from /opt/airflow/dags/hello_dag.py
[2025-10-27T23:20:14.476+0000] {processor.py:840} INFO - DAG(s) 'hello_world' retrieved from /opt/airflow/dags/hello_dag.py
[2025-10-27T23:20:14.511+0000] {logging_mixin.py:188} INFO - [2025-10-27T23:20:14.510+0000] {dag.py:3096} INFO - Sync 1 DAGs
[2025-10-27T23:20:14.534+0000] {logging_mixin.py:188} INFO - [2025-10-27T23:20:14.534+0000] {dag.py:3954} INFO - Setting next_dagrun for hello_world to 2025-10-27 00:00:00+00:00, run_after=2025-10-28 00:00:00+00:00
[2025-10-27T23:20:14.555+0000] {processor.py:183} INFO - Processing /opt/airflow/dags/hello_dag.py took 0.109 seconds
[2025-10-27T23:20:44.670+0000] {processor.py:161} INFO - Started process (PID=254) to work on /opt/airflow/dags/hello_dag.py
[2025-10-27T23:20:44.671+0000] {processor.py:830} INFO - Processing file /opt/airflow/dags/hello_dag.py for tasks to queue
[2025-10-27T23:20:44.673+0000] {logging_mixin.py:188} INFO - [2025-10-27T23:20:44.673+0000] {dagbag.py:545} INFO - Filling up the DagBag from /opt/airflow/dags/hello_dag.py
[2025-10-27T23:20:44.693+0000] {processor.py:840} INFO - DAG(s) 'hello_world' retrieved from /opt/airflow/dags/hello_dag.py
[2025-10-27T23:20:44.719+0000] {logging_mixin.py:188} INFO - [2025-10-27T23:20:44.719+0000] {dag.py:3096} INFO - Sync 1 DAGs
[2025-10-27T23:20:44.740+0000] {logging_mixin.py:188} INFO - [2025-10-27T23:20:44.740+0000] {dag.py:3954} INFO - Setting next_dagrun for hello_world to 2025-10-27 00:00:00+00:00, run_after=2025-10-28 00:00:00+00:00
[2025-10-27T23:20:44.757+0000] {processor.py:183} INFO - Processing /opt/airflow/dags/hello_dag.py took 0.092 seconds
[2025-10-27T23:21:14.829+0000] {processor.py:161} INFO - Started process (PID=259) to work on /opt/airflow/dags/hello_dag.py
[2025-10-27T23:21:14.830+0000] {processor.py:830} INFO - Processing file /opt/airflow/dags/hello_dag.py for tasks to queue
[2025-10-27T23:21:14.832+0000] {logging_mixin.py:188} INFO - [2025-10-27T23:21:14.832+0000] {dagbag.py:545} INFO - Filling up the DagBag from /opt/airflow/dags/hello_dag.py
[2025-10-27T23:21:14.852+0000] {processor.py:840} INFO - DAG(s) 'hello_world' retrieved from /opt/airflow/dags/hello_dag.py
[2025-10-27T23:21:14.880+0000] {logging_mixin.py:188} INFO - [2025-10-27T23:21:14.880+0000] {dag.py:3096} INFO - Sync 1 DAGs
[2025-10-27T23:21:14.900+0000] {logging_mixin.py:188} INFO - [2025-10-27T23:21:14.900+0000] {dag.py:3954} INFO - Setting next_dagrun for hello_world to 2025-10-27 00:00:00+00:00, run_after=2025-10-28 00:00:00+00:00
[2025-10-27T23:21:14.918+0000] {processor.py:183} INFO - Processing /opt/airflow/dags/hello_dag.py took 0.095 seconds
[2025-10-27T23:21:45.011+0000] {processor.py:161} INFO - Started process (PID=264) to work on /opt/airflow/dags/hello_dag.py
[2025-10-27T23:21:45.012+0000] {processor.py:830} INFO - Processing file /opt/airflow/dags/hello_dag.py for tasks to queue
[2025-10-27T23:21:45.013+0000] {logging_mixin.py:188} INFO - [2025-10-27T23:21:45.013+0000] {dagbag.py:545} INFO - Filling up the DagBag from /opt/airflow/dags/hello_dag.py
[2025-10-27T23:21:45.030+0000] {processor.py:840} INFO - DAG(s) 'hello_world' retrieved from /opt/airflow/dags/hello_dag.py
[2025-10-27T23:21:45.055+0000] {logging_mixin.py:188} INFO - [2025-10-27T23:21:45.055+0000] {dag.py:3096} INFO - Sync 1 DAGs
[2025-10-27T23:21:45.076+0000] {logging_mixin.py:188} INFO - [2025-10-27T23:21:45.075+0000] {dag.py:3954} INFO - Setting next_dagrun for hello_world to 2025-10-27 00:00:00+00:00, run_after=2025-10-28 00:00:00+00:00
[2025-10-27T23:21:45.094+0000] {processor.py:183} INFO - Processing /opt/airflow/dags/hello_dag.py took 0.089 seconds
[2025-10-27T23:22:15.177+0000] {processor.py:161} INFO - Started process (PID=269) to work on /opt/airflow/dags/hello_dag.py
[2025-10-27T23:22:15.178+0000] {processor.py:830} INFO - Processing file /opt/airflow/dags/hello_dag.py for tasks to queue
[2025-10-27T23:22:15.180+0000] {logging_mixin.py:188} INFO - [2025-10-27T23:22:15.179+0000] {dagbag.py:545} INFO - Filling up the DagBag from /opt/airflow/dags/hello_dag.py
[2025-10-27T23:22:15.203+0000] {processor.py:840} INFO - DAG(s) 'hello_world' retrieved from /opt/airflow/dags/hello_dag.py
[2025-10-27T23:22:15.226+0000] {logging_mixin.py:188} INFO - [2025-10-27T23:22:15.226+0000] {dag.py:3096} INFO - Sync 1 DAGs
[2025-10-27T23:22:15.249+0000] {logging_mixin.py:188} INFO - [2025-10-27T23:22:15.249+0000] {dag.py:3954} INFO - Setting next_dagrun for hello_world to 2025-10-27 00:00:00+00:00, run_after=2025-10-28 00:00:00+00:00
[2025-10-27T23:22:15.270+0000] {processor.py:183} INFO - Processing /opt/airflow/dags/hello_dag.py took 0.099 seconds
[2025-10-27T23:22:45.364+0000] {processor.py:161} INFO - Started process (PID=274) to work on /opt/airflow/dags/hello_dag.py
[2025-10-27T23:22:45.364+0000] {processor.py:830} INFO - Processing file /opt/airflow/dags/hello_dag.py for tasks to queue
[2025-10-27T23:22:45.366+0000] {logging_mixin.py:188} INFO - [2025-10-27T23:22:45.366+0000] {dagbag.py:545} INFO - Filling up the DagBag from /opt/airflow/dags/hello_dag.py
[2025-10-27T23:22:45.385+0000] {processor.py:840} INFO - DAG(s) 'hello_world' retrieved from /opt/airflow/dags/hello_dag.py
[2025-10-27T23:22:45.409+0000] {logging_mixin.py:188} INFO - [2025-10-27T23:22:45.409+0000] {dag.py:3096} INFO - Sync 1 DAGs
[2025-10-27T23:22:45.437+0000] {logging_mixin.py:188} INFO - [2025-10-27T23:22:45.437+0000] {dag.py:3954} INFO - Setting next_dagrun for hello_world to 2025-10-27 00:00:00+00:00, run_after=2025-10-28 00:00:00+00:00
[2025-10-27T23:22:45.459+0000] {processor.py:183} INFO - Processing /opt/airflow/dags/hello_dag.py took 0.101 seconds
[2025-10-27T23:23:15.597+0000] {processor.py:161} INFO - Started process (PID=279) to work on /opt/airflow/dags/hello_dag.py
[2025-10-27T23:23:15.598+0000] {processor.py:830} INFO - Processing file /opt/airflow/dags/hello_dag.py for tasks to queue
[2025-10-27T23:23:15.599+0000] {logging_mixin.py:188} INFO - [2025-10-27T23:23:15.599+0000] {dagbag.py:545} INFO - Filling up the DagBag from /opt/airflow/dags/hello_dag.py
[2025-10-27T23:23:15.617+0000] {processor.py:840} INFO - DAG(s) 'hello_world' retrieved from /opt/airflow/dags/hello_dag.py
[2025-10-27T23:23:15.643+0000] {logging_mixin.py:188} INFO - [2025-10-27T23:23:15.643+0000] {dag.py:3096} INFO - Sync 1 DAGs
[2025-10-27T23:23:15.664+0000] {logging_mixin.py:188} INFO - [2025-10-27T23:23:15.664+0000] {dag.py:3954} INFO - Setting next_dagrun for hello_world to 2025-10-27 00:00:00+00:00, run_after=2025-10-28 00:00:00+00:00
[2025-10-27T23:23:15.684+0000] {processor.py:183} INFO - Processing /opt/airflow/dags/hello_dag.py took 0.092 seconds
[2025-10-27T23:23:45.738+0000] {processor.py:161} INFO - Started process (PID=284) to work on /opt/airflow/dags/hello_dag.py
[2025-10-27T23:23:45.739+0000] {processor.py:830} INFO - Processing file /opt/airflow/dags/hello_dag.py for tasks to queue
[2025-10-27T23:23:45.741+0000] {logging_mixin.py:188} INFO - [2025-10-27T23:23:45.740+0000] {dagbag.py:545} INFO - Filling up the DagBag from /opt/airflow/dags/hello_dag.py
[2025-10-27T23:23:45.759+0000] {processor.py:840} INFO - DAG(s) 'hello_world' retrieved from /opt/airflow/dags/hello_dag.py
[2025-10-27T23:23:45.781+0000] {logging_mixin.py:188} INFO - [2025-10-27T23:23:45.781+0000] {dag.py:3096} INFO - Sync 1 DAGs
[2025-10-27T23:23:45.800+0000] {logging_mixin.py:188} INFO - [2025-10-27T23:23:45.800+0000] {dag.py:3954} INFO - Setting next_dagrun for hello_world to 2025-10-27 00:00:00+00:00, run_after=2025-10-28 00:00:00+00:00
[2025-10-27T23:23:45.818+0000] {processor.py:183} INFO - Processing /opt/airflow/dags/hello_dag.py took 0.085 seconds
[2025-10-27T23:24:15.952+0000] {processor.py:161} INFO - Started process (PID=289) to work on /opt/airflow/dags/hello_dag.py
[2025-10-27T23:24:15.953+0000] {processor.py:830} INFO - Processing file /opt/airflow/dags/hello_dag.py for tasks to queue
[2025-10-27T23:24:15.955+0000] {logging_mixin.py:188} INFO - [2025-10-27T23:24:15.954+0000] {dagbag.py:545} INFO - Filling up the DagBag from /opt/airflow/dags/hello_dag.py
[2025-10-27T23:24:15.974+0000] {processor.py:840} INFO - DAG(s) 'hello_world' retrieved from /opt/airflow/dags/hello_dag.py
[2025-10-27T23:24:15.997+0000] {logging_mixin.py:188} INFO - [2025-10-27T23:24:15.997+0000] {dag.py:3096} INFO - Sync 1 DAGs
[2025-10-27T23:24:16.021+0000] {logging_mixin.py:188} INFO - [2025-10-27T23:24:16.021+0000] {dag.py:3954} INFO - Setting next_dagrun for hello_world to 2025-10-27 00:00:00+00:00, run_after=2025-10-28 00:00:00+00:00
[2025-10-27T23:24:16.042+0000] {processor.py:183} INFO - Processing /opt/airflow/dags/hello_dag.py took 0.096 seconds
[2025-10-27T23:24:46.084+0000] {processor.py:161} INFO - Started process (PID=294) to work on /opt/airflow/dags/hello_dag.py
[2025-10-27T23:24:46.085+0000] {processor.py:830} INFO - Processing file /opt/airflow/dags/hello_dag.py for tasks to queue
[2025-10-27T23:24:46.087+0000] {logging_mixin.py:188} INFO - [2025-10-27T23:24:46.087+0000] {dagbag.py:545} INFO - Filling up the DagBag from /opt/airflow/dags/hello_dag.py
[2025-10-27T23:24:46.108+0000] {processor.py:840} INFO - DAG(s) 'hello_world' retrieved from /opt/airflow/dags/hello_dag.py
[2025-10-27T23:24:46.133+0000] {logging_mixin.py:188} INFO - [2025-10-27T23:24:46.133+0000] {dag.py:3096} INFO - Sync 1 DAGs
[2025-10-27T23:24:46.153+0000] {logging_mixin.py:188} INFO - [2025-10-27T23:24:46.152+0000] {dag.py:3954} INFO - Setting next_dagrun for hello_world to 2025-10-27 00:00:00+00:00, run_after=2025-10-28 00:00:00+00:00
[2025-10-27T23:24:46.170+0000] {processor.py:183} INFO - Processing /opt/airflow/dags/hello_dag.py took 0.091 seconds
[2025-10-27T23:25:16.308+0000] {processor.py:161} INFO - Started process (PID=299) to work on /opt/airflow/dags/hello_dag.py
[2025-10-27T23:25:16.309+0000] {processor.py:830} INFO - Processing file /opt/airflow/dags/hello_dag.py for tasks to queue
[2025-10-27T23:25:16.310+0000] {logging_mixin.py:188} INFO - [2025-10-27T23:25:16.310+0000] {dagbag.py:545} INFO - Filling up the DagBag from /opt/airflow/dags/hello_dag.py
[2025-10-27T23:25:16.354+0000] {processor.py:840} INFO - DAG(s) 'hello_world' retrieved from /opt/airflow/dags/hello_dag.py
[2025-10-27T23:25:16.411+0000] {logging_mixin.py:188} INFO - [2025-10-27T23:25:16.411+0000] {dag.py:3096} INFO - Sync 1 DAGs
[2025-10-27T23:25:16.431+0000] {logging_mixin.py:188} INFO - [2025-10-27T23:25:16.430+0000] {dag.py:3954} INFO - Setting next_dagrun for hello_world to 2025-10-27 00:00:00+00:00, run_after=2025-10-28 00:00:00+00:00
[2025-10-27T23:25:16.450+0000] {processor.py:183} INFO - Processing /opt/airflow/dags/hello_dag.py took 0.147 seconds
[2025-10-27T23:25:46.588+0000] {processor.py:161} INFO - Started process (PID=304) to work on /opt/airflow/dags/hello_dag.py
[2025-10-27T23:25:46.589+0000] {processor.py:830} INFO - Processing file /opt/airflow/dags/hello_dag.py for tasks to queue
[2025-10-27T23:25:46.591+0000] {logging_mixin.py:188} INFO - [2025-10-27T23:25:46.590+0000] {dagbag.py:545} INFO - Filling up the DagBag from /opt/airflow/dags/hello_dag.py
[2025-10-27T23:25:46.609+0000] {processor.py:840} INFO - DAG(s) 'hello_world' retrieved from /opt/airflow/dags/hello_dag.py
[2025-10-27T23:25:46.632+0000] {logging_mixin.py:188} INFO - [2025-10-27T23:25:46.632+0000] {dag.py:3096} INFO - Sync 1 DAGs
[2025-10-27T23:25:46.650+0000] {logging_mixin.py:188} INFO - [2025-10-27T23:25:46.650+0000] {dag.py:3954} INFO - Setting next_dagrun for hello_world to 2025-10-27 00:00:00+00:00, run_after=2025-10-28 00:00:00+00:00
[2025-10-27T23:25:46.667+0000] {processor.py:183} INFO - Processing /opt/airflow/dags/hello_dag.py took 0.085 seconds
[2025-10-27T23:26:16.729+0000] {processor.py:161} INFO - Started process (PID=309) to work on /opt/airflow/dags/hello_dag.py
[2025-10-27T23:26:16.730+0000] {processor.py:830} INFO - Processing file /opt/airflow/dags/hello_dag.py for tasks to queue
[2025-10-27T23:26:16.731+0000] {logging_mixin.py:188} INFO - [2025-10-27T23:26:16.731+0000] {dagbag.py:545} INFO - Filling up the DagBag from /opt/airflow/dags/hello_dag.py
[2025-10-27T23:26:16.749+0000] {processor.py:840} INFO - DAG(s) 'hello_world' retrieved from /opt/airflow/dags/hello_dag.py
[2025-10-27T23:26:16.771+0000] {logging_mixin.py:188} INFO - [2025-10-27T23:26:16.771+0000] {dag.py:3096} INFO - Sync 1 DAGs
[2025-10-27T23:26:16.789+0000] {logging_mixin.py:188} INFO - [2025-10-27T23:26:16.788+0000] {dag.py:3954} INFO - Setting next_dagrun for hello_world to 2025-10-27 00:00:00+00:00, run_after=2025-10-28 00:00:00+00:00
[2025-10-27T23:26:16.806+0000] {processor.py:183} INFO - Processing /opt/airflow/dags/hello_dag.py took 0.082 seconds
[2025-10-27T23:26:46.929+0000] {processor.py:161} INFO - Started process (PID=314) to work on /opt/airflow/dags/hello_dag.py
[2025-10-27T23:26:46.930+0000] {processor.py:830} INFO - Processing file /opt/airflow/dags/hello_dag.py for tasks to queue
[2025-10-27T23:26:46.932+0000] {logging_mixin.py:188} INFO - [2025-10-27T23:26:46.932+0000] {dagbag.py:545} INFO - Filling up the DagBag from /opt/airflow/dags/hello_dag.py
[2025-10-27T23:26:46.950+0000] {processor.py:840} INFO - DAG(s) 'hello_world' retrieved from /opt/airflow/dags/hello_dag.py
[2025-10-27T23:26:46.971+0000] {logging_mixin.py:188} INFO - [2025-10-27T23:26:46.971+0000] {dag.py:3096} INFO - Sync 1 DAGs
[2025-10-27T23:26:46.991+0000] {logging_mixin.py:188} INFO - [2025-10-27T23:26:46.991+0000] {dag.py:3954} INFO - Setting next_dagrun for hello_world to 2025-10-27 00:00:00+00:00, run_after=2025-10-28 00:00:00+00:00
[2025-10-27T23:26:47.008+0000] {processor.py:183} INFO - Processing /opt/airflow/dags/hello_dag.py took 0.085 seconds
[2025-10-27T23:27:17.087+0000] {processor.py:161} INFO - Started process (PID=319) to work on /opt/airflow/dags/hello_dag.py
[2025-10-27T23:27:17.088+0000] {processor.py:830} INFO - Processing file /opt/airflow/dags/hello_dag.py for tasks to queue
[2025-10-27T23:27:17.089+0000] {logging_mixin.py:188} INFO - [2025-10-27T23:27:17.089+0000] {dagbag.py:545} INFO - Filling up the DagBag from /opt/airflow/dags/hello_dag.py
[2025-10-27T23:27:17.108+0000] {processor.py:840} INFO - DAG(s) 'hello_world' retrieved from /opt/airflow/dags/hello_dag.py
[2025-10-27T23:27:17.129+0000] {logging_mixin.py:188} INFO - [2025-10-27T23:27:17.129+0000] {dag.py:3096} INFO - Sync 1 DAGs
[2025-10-27T23:27:17.146+0000] {logging_mixin.py:188} INFO - [2025-10-27T23:27:17.146+0000] {dag.py:3954} INFO - Setting next_dagrun for hello_world to 2025-10-27 00:00:00+00:00, run_after=2025-10-28 00:00:00+00:00
[2025-10-27T23:27:17.164+0000] {processor.py:183} INFO - Processing /opt/airflow/dags/hello_dag.py took 0.082 seconds
[2025-10-27T23:27:47.269+0000] {processor.py:161} INFO - Started process (PID=324) to work on /opt/airflow/dags/hello_dag.py
[2025-10-27T23:27:47.270+0000] {processor.py:830} INFO - Processing file /opt/airflow/dags/hello_dag.py for tasks to queue
[2025-10-27T23:27:47.271+0000] {logging_mixin.py:188} INFO - [2025-10-27T23:27:47.271+0000] {dagbag.py:545} INFO - Filling up the DagBag from /opt/airflow/dags/hello_dag.py
[2025-10-27T23:27:47.289+0000] {processor.py:840} INFO - DAG(s) 'hello_world' retrieved from /opt/airflow/dags/hello_dag.py
[2025-10-27T23:27:47.309+0000] {logging_mixin.py:188} INFO - [2025-10-27T23:27:47.309+0000] {dag.py:3096} INFO - Sync 1 DAGs
[2025-10-27T23:27:47.327+0000] {logging_mixin.py:188} INFO - [2025-10-27T23:27:47.327+0000] {dag.py:3954} INFO - Setting next_dagrun for hello_world to 2025-10-27 00:00:00+00:00, run_after=2025-10-28 00:00:00+00:00
[2025-10-27T23:27:47.344+0000] {processor.py:183} INFO - Processing /opt/airflow/dags/hello_dag.py took 0.080 seconds
[2025-10-27T23:28:17.448+0000] {processor.py:161} INFO - Started process (PID=329) to work on /opt/airflow/dags/hello_dag.py
[2025-10-27T23:28:17.448+0000] {processor.py:830} INFO - Processing file /opt/airflow/dags/hello_dag.py for tasks to queue
[2025-10-27T23:28:17.450+0000] {logging_mixin.py:188} INFO - [2025-10-27T23:28:17.450+0000] {dagbag.py:545} INFO - Filling up the DagBag from /opt/airflow/dags/hello_dag.py
[2025-10-27T23:28:17.469+0000] {processor.py:840} INFO - DAG(s) 'hello_world' retrieved from /opt/airflow/dags/hello_dag.py
[2025-10-27T23:28:17.492+0000] {logging_mixin.py:188} INFO - [2025-10-27T23:28:17.492+0000] {dag.py:3096} INFO - Sync 1 DAGs
[2025-10-27T23:28:17.510+0000] {logging_mixin.py:188} INFO - [2025-10-27T23:28:17.510+0000] {dag.py:3954} INFO - Setting next_dagrun for hello_world to 2025-10-27 00:00:00+00:00, run_after=2025-10-28 00:00:00+00:00
[2025-10-27T23:28:17.529+0000] {processor.py:183} INFO - Processing /opt/airflow/dags/hello_dag.py took 0.086 seconds
[2025-10-27T23:28:47.598+0000] {processor.py:161} INFO - Started process (PID=334) to work on /opt/airflow/dags/hello_dag.py
[2025-10-27T23:28:47.599+0000] {processor.py:830} INFO - Processing file /opt/airflow/dags/hello_dag.py for tasks to queue
[2025-10-27T23:28:47.601+0000] {logging_mixin.py:188} INFO - [2025-10-27T23:28:47.600+0000] {dagbag.py:545} INFO - Filling up the DagBag from /opt/airflow/dags/hello_dag.py
[2025-10-27T23:28:47.619+0000] {processor.py:840} INFO - DAG(s) 'hello_world' retrieved from /opt/airflow/dags/hello_dag.py
[2025-10-27T23:28:47.640+0000] {logging_mixin.py:188} INFO - [2025-10-27T23:28:47.640+0000] {dag.py:3096} INFO - Sync 1 DAGs
[2025-10-27T23:28:47.658+0000] {logging_mixin.py:188} INFO - [2025-10-27T23:28:47.658+0000] {dag.py:3954} INFO - Setting next_dagrun for hello_world to 2025-10-27 00:00:00+00:00, run_after=2025-10-28 00:00:00+00:00
[2025-10-27T23:28:47.678+0000] {processor.py:183} INFO - Processing /opt/airflow/dags/hello_dag.py took 0.085 seconds
[2025-10-27T23:29:17.785+0000] {processor.py:161} INFO - Started process (PID=339) to work on /opt/airflow/dags/hello_dag.py
[2025-10-27T23:29:17.786+0000] {processor.py:830} INFO - Processing file /opt/airflow/dags/hello_dag.py for tasks to queue
[2025-10-27T23:29:17.788+0000] {logging_mixin.py:188} INFO - [2025-10-27T23:29:17.788+0000] {dagbag.py:545} INFO - Filling up the DagBag from /opt/airflow/dags/hello_dag.py
[2025-10-27T23:29:17.806+0000] {processor.py:840} INFO - DAG(s) 'hello_world' retrieved from /opt/airflow/dags/hello_dag.py
[2025-10-27T23:29:17.826+0000] {logging_mixin.py:188} INFO - [2025-10-27T23:29:17.826+0000] {dag.py:3096} INFO - Sync 1 DAGs
[2025-10-27T23:29:17.843+0000] {logging_mixin.py:188} INFO - [2025-10-27T23:29:17.843+0000] {dag.py:3954} INFO - Setting next_dagrun for hello_world to 2025-10-27 00:00:00+00:00, run_after=2025-10-28 00:00:00+00:00
[2025-10-27T23:29:17.859+0000] {processor.py:183} INFO - Processing /opt/airflow/dags/hello_dag.py took 0.079 seconds
[2025-10-27T23:29:47.941+0000] {processor.py:161} INFO - Started process (PID=344) to work on /opt/airflow/dags/hello_dag.py
[2025-10-27T23:29:47.942+0000] {processor.py:830} INFO - Processing file /opt/airflow/dags/hello_dag.py for tasks to queue
[2025-10-27T23:29:47.943+0000] {logging_mixin.py:188} INFO - [2025-10-27T23:29:47.943+0000] {dagbag.py:545} INFO - Filling up the DagBag from /opt/airflow/dags/hello_dag.py
[2025-10-27T23:29:47.962+0000] {processor.py:840} INFO - DAG(s) 'hello_world' retrieved from /opt/airflow/dags/hello_dag.py
[2025-10-27T23:29:47.983+0000] {logging_mixin.py:188} INFO - [2025-10-27T23:29:47.983+0000] {dag.py:3096} INFO - Sync 1 DAGs
[2025-10-27T23:29:48.001+0000] {logging_mixin.py:188} INFO - [2025-10-27T23:29:48.001+0000] {dag.py:3954} INFO - Setting next_dagrun for hello_world to 2025-10-27 00:00:00+00:00, run_after=2025-10-28 00:00:00+00:00
[2025-10-27T23:29:48.018+0000] {processor.py:183} INFO - Processing /opt/airflow/dags/hello_dag.py took 0.082 seconds
[2025-10-27T23:30:18.123+0000] {processor.py:161} INFO - Started process (PID=349) to work on /opt/airflow/dags/hello_dag.py
[2025-10-27T23:30:18.124+0000] {processor.py:830} INFO - Processing file /opt/airflow/dags/hello_dag.py for tasks to queue
[2025-10-27T23:30:18.125+0000] {logging_mixin.py:188} INFO - [2025-10-27T23:30:18.125+0000] {dagbag.py:545} INFO - Filling up the DagBag from /opt/airflow/dags/hello_dag.py
[2025-10-27T23:30:18.143+0000] {processor.py:840} INFO - DAG(s) 'hello_world' retrieved from /opt/airflow/dags/hello_dag.py
[2025-10-27T23:30:18.164+0000] {logging_mixin.py:188} INFO - [2025-10-27T23:30:18.164+0000] {dag.py:3096} INFO - Sync 1 DAGs
[2025-10-27T23:30:18.182+0000] {logging_mixin.py:188} INFO - [2025-10-27T23:30:18.182+0000] {dag.py:3954} INFO - Setting next_dagrun for hello_world to 2025-10-27 00:00:00+00:00, run_after=2025-10-28 00:00:00+00:00
[2025-10-27T23:30:18.198+0000] {processor.py:183} INFO - Processing /opt/airflow/dags/hello_dag.py took 0.081 seconds
[2025-10-27T23:30:48.279+0000] {processor.py:161} INFO - Started process (PID=354) to work on /opt/airflow/dags/hello_dag.py
[2025-10-27T23:30:48.280+0000] {processor.py:830} INFO - Processing file /opt/airflow/dags/hello_dag.py for tasks to queue
[2025-10-27T23:30:48.282+0000] {logging_mixin.py:188} INFO - [2025-10-27T23:30:48.281+0000] {dagbag.py:545} INFO - Filling up the DagBag from /opt/airflow/dags/hello_dag.py
[2025-10-27T23:30:48.300+0000] {processor.py:840} INFO - DAG(s) 'hello_world' retrieved from /opt/airflow/dags/hello_dag.py
[2025-10-27T23:30:48.321+0000] {logging_mixin.py:188} INFO - [2025-10-27T23:30:48.321+0000] {dag.py:3096} INFO - Sync 1 DAGs
[2025-10-27T23:30:48.338+0000] {logging_mixin.py:188} INFO - [2025-10-27T23:30:48.338+0000] {dag.py:3954} INFO - Setting next_dagrun for hello_world to 2025-10-27 00:00:00+00:00, run_after=2025-10-28 00:00:00+00:00
[2025-10-27T23:30:48.355+0000] {processor.py:183} INFO - Processing /opt/airflow/dags/hello_dag.py took 0.081 seconds
[2025-10-27T23:31:18.465+0000] {processor.py:161} INFO - Started process (PID=359) to work on /opt/airflow/dags/hello_dag.py
[2025-10-27T23:31:18.466+0000] {processor.py:830} INFO - Processing file /opt/airflow/dags/hello_dag.py for tasks to queue
[2025-10-27T23:31:18.467+0000] {logging_mixin.py:188} INFO - [2025-10-27T23:31:18.467+0000] {dagbag.py:545} INFO - Filling up the DagBag from /opt/airflow/dags/hello_dag.py
[2025-10-27T23:31:18.491+0000] {processor.py:840} INFO - DAG(s) 'hello_world' retrieved from /opt/airflow/dags/hello_dag.py
[2025-10-27T23:31:18.515+0000] {logging_mixin.py:188} INFO - [2025-10-27T23:31:18.515+0000] {dag.py:3096} INFO - Sync 1 DAGs
[2025-10-27T23:31:18.534+0000] {logging_mixin.py:188} INFO - [2025-10-27T23:31:18.534+0000] {dag.py:3954} INFO - Setting next_dagrun for hello_world to 2025-10-27 00:00:00+00:00, run_after=2025-10-28 00:00:00+00:00
[2025-10-27T23:31:18.551+0000] {processor.py:183} INFO - Processing /opt/airflow/dags/hello_dag.py took 0.094 seconds
[2025-10-27T23:31:48.627+0000] {processor.py:161} INFO - Started process (PID=364) to work on /opt/airflow/dags/hello_dag.py
[2025-10-27T23:31:48.628+0000] {processor.py:830} INFO - Processing file /opt/airflow/dags/hello_dag.py for tasks to queue
[2025-10-27T23:31:48.630+0000] {logging_mixin.py:188} INFO - [2025-10-27T23:31:48.630+0000] {dagbag.py:545} INFO - Filling up the DagBag from /opt/airflow/dags/hello_dag.py
[2025-10-27T23:31:48.650+0000] {processor.py:840} INFO - DAG(s) 'hello_world' retrieved from /opt/airflow/dags/hello_dag.py
[2025-10-27T23:31:48.675+0000] {logging_mixin.py:188} INFO - [2025-10-27T23:31:48.675+0000] {dag.py:3096} INFO - Sync 1 DAGs
[2025-10-27T23:31:48.695+0000] {logging_mixin.py:188} INFO - [2025-10-27T23:31:48.695+0000] {dag.py:3954} INFO - Setting next_dagrun for hello_world to 2025-10-27 00:00:00+00:00, run_after=2025-10-28 00:00:00+00:00
[2025-10-27T23:31:48.714+0000] {processor.py:183} INFO - Processing /opt/airflow/dags/hello_dag.py took 0.094 seconds
[2025-10-27T23:32:18.832+0000] {processor.py:161} INFO - Started process (PID=369) to work on /opt/airflow/dags/hello_dag.py
[2025-10-27T23:32:18.833+0000] {processor.py:830} INFO - Processing file /opt/airflow/dags/hello_dag.py for tasks to queue
[2025-10-27T23:32:18.834+0000] {logging_mixin.py:188} INFO - [2025-10-27T23:32:18.834+0000] {dagbag.py:545} INFO - Filling up the DagBag from /opt/airflow/dags/hello_dag.py
[2025-10-27T23:32:18.853+0000] {processor.py:840} INFO - DAG(s) 'hello_world' retrieved from /opt/airflow/dags/hello_dag.py
[2025-10-27T23:32:18.876+0000] {logging_mixin.py:188} INFO - [2025-10-27T23:32:18.876+0000] {dag.py:3096} INFO - Sync 1 DAGs
[2025-10-27T23:32:18.896+0000] {logging_mixin.py:188} INFO - [2025-10-27T23:32:18.895+0000] {dag.py:3954} INFO - Setting next_dagrun for hello_world to 2025-10-27 00:00:00+00:00, run_after=2025-10-28 00:00:00+00:00
[2025-10-27T23:32:18.915+0000] {processor.py:183} INFO - Processing /opt/airflow/dags/hello_dag.py took 0.089 seconds
[2025-10-27T23:32:48.978+0000] {processor.py:161} INFO - Started process (PID=374) to work on /opt/airflow/dags/hello_dag.py
[2025-10-27T23:32:48.979+0000] {processor.py:830} INFO - Processing file /opt/airflow/dags/hello_dag.py for tasks to queue
[2025-10-27T23:32:48.981+0000] {logging_mixin.py:188} INFO - [2025-10-27T23:32:48.980+0000] {dagbag.py:545} INFO - Filling up the DagBag from /opt/airflow/dags/hello_dag.py
[2025-10-27T23:32:48.998+0000] {processor.py:840} INFO - DAG(s) 'hello_world' retrieved from /opt/airflow/dags/hello_dag.py
[2025-10-27T23:32:49.020+0000] {logging_mixin.py:188} INFO - [2025-10-27T23:32:49.020+0000] {dag.py:3096} INFO - Sync 1 DAGs
[2025-10-27T23:32:49.040+0000] {logging_mixin.py:188} INFO - [2025-10-27T23:32:49.040+0000] {dag.py:3954} INFO - Setting next_dagrun for hello_world to 2025-10-27 00:00:00+00:00, run_after=2025-10-28 00:00:00+00:00
[2025-10-27T23:32:49.056+0000] {processor.py:183} INFO - Processing /opt/airflow/dags/hello_dag.py took 0.083 seconds
[2025-10-27T23:33:19.218+0000] {processor.py:161} INFO - Started process (PID=379) to work on /opt/airflow/dags/hello_dag.py
[2025-10-27T23:33:19.220+0000] {processor.py:830} INFO - Processing file /opt/airflow/dags/hello_dag.py for tasks to queue
[2025-10-27T23:33:19.222+0000] {logging_mixin.py:188} INFO - [2025-10-27T23:33:19.222+0000] {dagbag.py:545} INFO - Filling up the DagBag from /opt/airflow/dags/hello_dag.py
[2025-10-27T23:33:19.251+0000] {processor.py:840} INFO - DAG(s) 'hello_world' retrieved from /opt/airflow/dags/hello_dag.py
[2025-10-27T23:33:19.281+0000] {logging_mixin.py:188} INFO - [2025-10-27T23:33:19.281+0000] {dag.py:3096} INFO - Sync 1 DAGs
[2025-10-27T23:33:19.299+0000] {logging_mixin.py:188} INFO - [2025-10-27T23:33:19.299+0000] {dag.py:3954} INFO - Setting next_dagrun for hello_world to 2025-10-27 00:00:00+00:00, run_after=2025-10-28 00:00:00+00:00
[2025-10-27T23:33:19.316+0000] {processor.py:183} INFO - Processing /opt/airflow/dags/hello_dag.py took 0.105 seconds
[2025-10-27T23:33:49.361+0000] {processor.py:161} INFO - Started process (PID=384) to work on /opt/airflow/dags/hello_dag.py
[2025-10-27T23:33:49.362+0000] {processor.py:830} INFO - Processing file /opt/airflow/dags/hello_dag.py for tasks to queue
[2025-10-27T23:33:49.364+0000] {logging_mixin.py:188} INFO - [2025-10-27T23:33:49.363+0000] {dagbag.py:545} INFO - Filling up the DagBag from /opt/airflow/dags/hello_dag.py
[2025-10-27T23:33:49.383+0000] {processor.py:840} INFO - DAG(s) 'hello_world' retrieved from /opt/airflow/dags/hello_dag.py
[2025-10-27T23:33:49.409+0000] {logging_mixin.py:188} INFO - [2025-10-27T23:33:49.408+0000] {dag.py:3096} INFO - Sync 1 DAGs
[2025-10-27T23:33:49.426+0000] {logging_mixin.py:188} INFO - [2025-10-27T23:33:49.426+0000] {dag.py:3954} INFO - Setting next_dagrun for hello_world to 2025-10-27 00:00:00+00:00, run_after=2025-10-28 00:00:00+00:00
[2025-10-27T23:33:49.443+0000] {processor.py:183} INFO - Processing /opt/airflow/dags/hello_dag.py took 0.088 seconds
[2025-10-27T23:34:19.591+0000] {processor.py:161} INFO - Started process (PID=389) to work on /opt/airflow/dags/hello_dag.py
[2025-10-27T23:34:19.592+0000] {processor.py:830} INFO - Processing file /opt/airflow/dags/hello_dag.py for tasks to queue
[2025-10-27T23:34:19.594+0000] {logging_mixin.py:188} INFO - [2025-10-27T23:34:19.593+0000] {dagbag.py:545} INFO - Filling up the DagBag from /opt/airflow/dags/hello_dag.py
[2025-10-27T23:34:19.612+0000] {processor.py:840} INFO - DAG(s) 'hello_world' retrieved from /opt/airflow/dags/hello_dag.py
[2025-10-27T23:34:19.634+0000] {logging_mixin.py:188} INFO - [2025-10-27T23:34:19.633+0000] {dag.py:3096} INFO - Sync 1 DAGs
[2025-10-27T23:34:19.651+0000] {logging_mixin.py:188} INFO - [2025-10-27T23:34:19.651+0000] {dag.py:3954} INFO - Setting next_dagrun for hello_world to 2025-10-27 00:00:00+00:00, run_after=2025-10-28 00:00:00+00:00
[2025-10-27T23:34:19.667+0000] {processor.py:183} INFO - Processing /opt/airflow/dags/hello_dag.py took 0.080 seconds
[2025-10-27T23:34:49.729+0000] {processor.py:161} INFO - Started process (PID=394) to work on /opt/airflow/dags/hello_dag.py
[2025-10-27T23:34:49.730+0000] {processor.py:830} INFO - Processing file /opt/airflow/dags/hello_dag.py for tasks to queue
[2025-10-27T23:34:49.731+0000] {logging_mixin.py:188} INFO - [2025-10-27T23:34:49.731+0000] {dagbag.py:545} INFO - Filling up the DagBag from /opt/airflow/dags/hello_dag.py
[2025-10-27T23:34:49.750+0000] {processor.py:840} INFO - DAG(s) 'hello_world' retrieved from /opt/airflow/dags/hello_dag.py
[2025-10-27T23:34:49.771+0000] {logging_mixin.py:188} INFO - [2025-10-27T23:34:49.771+0000] {dag.py:3096} INFO - Sync 1 DAGs
[2025-10-27T23:34:49.789+0000] {logging_mixin.py:188} INFO - [2025-10-27T23:34:49.789+0000] {dag.py:3954} INFO - Setting next_dagrun for hello_world to 2025-10-27 00:00:00+00:00, run_after=2025-10-28 00:00:00+00:00
[2025-10-27T23:34:49.805+0000] {processor.py:183} INFO - Processing /opt/airflow/dags/hello_dag.py took 0.082 seconds
[2025-10-27T23:35:19.923+0000] {processor.py:161} INFO - Started process (PID=399) to work on /opt/airflow/dags/hello_dag.py
[2025-10-27T23:35:19.923+0000] {processor.py:830} INFO - Processing file /opt/airflow/dags/hello_dag.py for tasks to queue
[2025-10-27T23:35:19.925+0000] {logging_mixin.py:188} INFO - [2025-10-27T23:35:19.925+0000] {dagbag.py:545} INFO - Filling up the DagBag from /opt/airflow/dags/hello_dag.py
[2025-10-27T23:35:19.945+0000] {processor.py:840} INFO - DAG(s) 'hello_world' retrieved from /opt/airflow/dags/hello_dag.py
[2025-10-27T23:35:19.969+0000] {logging_mixin.py:188} INFO - [2025-10-27T23:35:19.968+0000] {dag.py:3096} INFO - Sync 1 DAGs
[2025-10-27T23:35:19.988+0000] {logging_mixin.py:188} INFO - [2025-10-27T23:35:19.988+0000] {dag.py:3954} INFO - Setting next_dagrun for hello_world to 2025-10-27 00:00:00+00:00, run_after=2025-10-28 00:00:00+00:00
[2025-10-27T23:35:20.007+0000] {processor.py:183} INFO - Processing /opt/airflow/dags/hello_dag.py took 0.089 seconds
[2025-10-27T23:35:50.066+0000] {processor.py:161} INFO - Started process (PID=404) to work on /opt/airflow/dags/hello_dag.py
[2025-10-27T23:35:50.067+0000] {processor.py:830} INFO - Processing file /opt/airflow/dags/hello_dag.py for tasks to queue
[2025-10-27T23:35:50.069+0000] {logging_mixin.py:188} INFO - [2025-10-27T23:35:50.069+0000] {dagbag.py:545} INFO - Filling up the DagBag from /opt/airflow/dags/hello_dag.py
[2025-10-27T23:35:50.090+0000] {processor.py:840} INFO - DAG(s) 'hello_world' retrieved from /opt/airflow/dags/hello_dag.py
[2025-10-27T23:35:50.118+0000] {logging_mixin.py:188} INFO - [2025-10-27T23:35:50.118+0000] {dag.py:3096} INFO - Sync 1 DAGs
[2025-10-27T23:35:50.139+0000] {logging_mixin.py:188} INFO - [2025-10-27T23:35:50.139+0000] {dag.py:3954} INFO - Setting next_dagrun for hello_world to 2025-10-27 00:00:00+00:00, run_after=2025-10-28 00:00:00+00:00
[2025-10-27T23:35:50.156+0000] {processor.py:183} INFO - Processing /opt/airflow/dags/hello_dag.py took 0.097 seconds
[2025-10-27T23:36:20.275+0000] {processor.py:161} INFO - Started process (PID=409) to work on /opt/airflow/dags/hello_dag.py
[2025-10-27T23:36:20.276+0000] {processor.py:830} INFO - Processing file /opt/airflow/dags/hello_dag.py for tasks to queue
[2025-10-27T23:36:20.277+0000] {logging_mixin.py:188} INFO - [2025-10-27T23:36:20.277+0000] {dagbag.py:545} INFO - Filling up the DagBag from /opt/airflow/dags/hello_dag.py
[2025-10-27T23:36:20.303+0000] {processor.py:840} INFO - DAG(s) 'hello_world' retrieved from /opt/airflow/dags/hello_dag.py
[2025-10-27T23:36:20.333+0000] {logging_mixin.py:188} INFO - [2025-10-27T23:36:20.333+0000] {dag.py:3096} INFO - Sync 1 DAGs
[2025-10-27T23:36:20.355+0000] {logging_mixin.py:188} INFO - [2025-10-27T23:36:20.355+0000] {dag.py:3954} INFO - Setting next_dagrun for hello_world to 2025-10-27 00:00:00+00:00, run_after=2025-10-28 00:00:00+00:00
[2025-10-27T23:36:20.376+0000] {processor.py:183} INFO - Processing /opt/airflow/dags/hello_dag.py took 0.108 seconds
[2025-10-27T23:36:50.423+0000] {processor.py:161} INFO - Started process (PID=414) to work on /opt/airflow/dags/hello_dag.py
[2025-10-27T23:36:50.424+0000] {processor.py:830} INFO - Processing file /opt/airflow/dags/hello_dag.py for tasks to queue
[2025-10-27T23:36:50.426+0000] {logging_mixin.py:188} INFO - [2025-10-27T23:36:50.426+0000] {dagbag.py:545} INFO - Filling up the DagBag from /opt/airflow/dags/hello_dag.py
[2025-10-27T23:36:50.444+0000] {processor.py:840} INFO - DAG(s) 'hello_world' retrieved from /opt/airflow/dags/hello_dag.py
[2025-10-27T23:36:50.469+0000] {logging_mixin.py:188} INFO - [2025-10-27T23:36:50.469+0000] {dag.py:3096} INFO - Sync 1 DAGs
[2025-10-27T23:36:50.488+0000] {logging_mixin.py:188} INFO - [2025-10-27T23:36:50.488+0000] {dag.py:3954} INFO - Setting next_dagrun for hello_world to 2025-10-27 00:00:00+00:00, run_after=2025-10-28 00:00:00+00:00
[2025-10-27T23:36:50.506+0000] {processor.py:183} INFO - Processing /opt/airflow/dags/hello_dag.py took 0.088 seconds
[2025-10-27T23:37:20.664+0000] {processor.py:161} INFO - Started process (PID=419) to work on /opt/airflow/dags/hello_dag.py
[2025-10-27T23:37:20.665+0000] {processor.py:830} INFO - Processing file /opt/airflow/dags/hello_dag.py for tasks to queue
[2025-10-27T23:37:20.666+0000] {logging_mixin.py:188} INFO - [2025-10-27T23:37:20.666+0000] {dagbag.py:545} INFO - Filling up the DagBag from /opt/airflow/dags/hello_dag.py
[2025-10-27T23:37:20.691+0000] {processor.py:840} INFO - DAG(s) 'hello_world' retrieved from /opt/airflow/dags/hello_dag.py
[2025-10-27T23:37:20.721+0000] {logging_mixin.py:188} INFO - [2025-10-27T23:37:20.721+0000] {dag.py:3096} INFO - Sync 1 DAGs
[2025-10-27T23:37:20.739+0000] {logging_mixin.py:188} INFO - [2025-10-27T23:37:20.739+0000] {dag.py:3954} INFO - Setting next_dagrun for hello_world to 2025-10-27 00:00:00+00:00, run_after=2025-10-28 00:00:00+00:00
[2025-10-27T23:37:20.756+0000] {processor.py:183} INFO - Processing /opt/airflow/dags/hello_dag.py took 0.098 seconds
[2025-10-27T23:37:50.802+0000] {processor.py:161} INFO - Started process (PID=424) to work on /opt/airflow/dags/hello_dag.py
[2025-10-27T23:37:50.803+0000] {processor.py:830} INFO - Processing file /opt/airflow/dags/hello_dag.py for tasks to queue
[2025-10-27T23:37:50.805+0000] {logging_mixin.py:188} INFO - [2025-10-27T23:37:50.805+0000] {dagbag.py:545} INFO - Filling up the DagBag from /opt/airflow/dags/hello_dag.py
[2025-10-27T23:37:50.823+0000] {processor.py:840} INFO - DAG(s) 'hello_world' retrieved from /opt/airflow/dags/hello_dag.py
[2025-10-27T23:37:50.844+0000] {logging_mixin.py:188} INFO - [2025-10-27T23:37:50.844+0000] {dag.py:3096} INFO - Sync 1 DAGs
[2025-10-27T23:37:50.861+0000] {logging_mixin.py:188} INFO - [2025-10-27T23:37:50.861+0000] {dag.py:3954} INFO - Setting next_dagrun for hello_world to 2025-10-27 00:00:00+00:00, run_after=2025-10-28 00:00:00+00:00
[2025-10-27T23:37:50.877+0000] {processor.py:183} INFO - Processing /opt/airflow/dags/hello_dag.py took 0.080 seconds
[2025-10-27T23:38:21.040+0000] {processor.py:161} INFO - Started process (PID=429) to work on /opt/airflow/dags/hello_dag.py
[2025-10-27T23:38:21.040+0000] {processor.py:830} INFO - Processing file /opt/airflow/dags/hello_dag.py for tasks to queue
[2025-10-27T23:38:21.042+0000] {logging_mixin.py:188} INFO - [2025-10-27T23:38:21.042+0000] {dagbag.py:545} INFO - Filling up the DagBag from /opt/airflow/dags/hello_dag.py
[2025-10-27T23:38:21.065+0000] {processor.py:840} INFO - DAG(s) 'hello_world' retrieved from /opt/airflow/dags/hello_dag.py
[2025-10-27T23:38:21.093+0000] {logging_mixin.py:188} INFO - [2025-10-27T23:38:21.093+0000] {dag.py:3096} INFO - Sync 1 DAGs
[2025-10-27T23:38:21.131+0000] {logging_mixin.py:188} INFO - [2025-10-27T23:38:21.131+0000] {dag.py:3954} INFO - Setting next_dagrun for hello_world to 2025-10-27 00:00:00+00:00, run_after=2025-10-28 00:00:00+00:00
[2025-10-27T23:38:21.158+0000] {processor.py:183} INFO - Processing /opt/airflow/dags/hello_dag.py took 0.124 seconds
[2025-10-27T23:38:51.337+0000] {processor.py:161} INFO - Started process (PID=434) to work on /opt/airflow/dags/hello_dag.py
[2025-10-27T23:38:51.338+0000] {processor.py:830} INFO - Processing file /opt/airflow/dags/hello_dag.py for tasks to queue
[2025-10-27T23:38:51.341+0000] {logging_mixin.py:188} INFO - [2025-10-27T23:38:51.340+0000] {dagbag.py:545} INFO - Filling up the DagBag from /opt/airflow/dags/hello_dag.py
[2025-10-27T23:38:51.375+0000] {processor.py:840} INFO - DAG(s) 'hello_world' retrieved from /opt/airflow/dags/hello_dag.py
[2025-10-27T23:38:51.403+0000] {logging_mixin.py:188} INFO - [2025-10-27T23:38:51.403+0000] {dag.py:3096} INFO - Sync 1 DAGs
[2025-10-27T23:38:51.430+0000] {logging_mixin.py:188} INFO - [2025-10-27T23:38:51.429+0000] {dag.py:3954} INFO - Setting next_dagrun for hello_world to 2025-10-27 00:00:00+00:00, run_after=2025-10-28 00:00:00+00:00
[2025-10-27T23:38:51.450+0000] {processor.py:183} INFO - Processing /opt/airflow/dags/hello_dag.py took 0.121 seconds
[2025-10-27T23:39:21.590+0000] {processor.py:161} INFO - Started process (PID=439) to work on /opt/airflow/dags/hello_dag.py
[2025-10-27T23:39:21.591+0000] {processor.py:830} INFO - Processing file /opt/airflow/dags/hello_dag.py for tasks to queue
[2025-10-27T23:39:21.593+0000] {logging_mixin.py:188} INFO - [2025-10-27T23:39:21.593+0000] {dagbag.py:545} INFO - Filling up the DagBag from /opt/airflow/dags/hello_dag.py
[2025-10-27T23:39:21.611+0000] {processor.py:840} INFO - DAG(s) 'hello_world' retrieved from /opt/airflow/dags/hello_dag.py
[2025-10-27T23:39:21.632+0000] {logging_mixin.py:188} INFO - [2025-10-27T23:39:21.631+0000] {dag.py:3096} INFO - Sync 1 DAGs
[2025-10-27T23:39:21.649+0000] {logging_mixin.py:188} INFO - [2025-10-27T23:39:21.648+0000] {dag.py:3954} INFO - Setting next_dagrun for hello_world to 2025-10-27 00:00:00+00:00, run_after=2025-10-28 00:00:00+00:00
[2025-10-27T23:39:21.665+0000] {processor.py:183} INFO - Processing /opt/airflow/dags/hello_dag.py took 0.080 seconds
[2025-10-27T23:39:51.719+0000] {processor.py:161} INFO - Started process (PID=444) to work on /opt/airflow/dags/hello_dag.py
[2025-10-27T23:39:51.720+0000] {processor.py:830} INFO - Processing file /opt/airflow/dags/hello_dag.py for tasks to queue
[2025-10-27T23:39:51.722+0000] {logging_mixin.py:188} INFO - [2025-10-27T23:39:51.721+0000] {dagbag.py:545} INFO - Filling up the DagBag from /opt/airflow/dags/hello_dag.py
[2025-10-27T23:39:51.740+0000] {processor.py:840} INFO - DAG(s) 'hello_world' retrieved from /opt/airflow/dags/hello_dag.py
[2025-10-27T23:39:51.762+0000] {logging_mixin.py:188} INFO - [2025-10-27T23:39:51.761+0000] {dag.py:3096} INFO - Sync 1 DAGs
[2025-10-27T23:39:51.779+0000] {logging_mixin.py:188} INFO - [2025-10-27T23:39:51.779+0000] {dag.py:3954} INFO - Setting next_dagrun for hello_world to 2025-10-27 00:00:00+00:00, run_after=2025-10-28 00:00:00+00:00
[2025-10-27T23:39:51.795+0000] {processor.py:183} INFO - Processing /opt/airflow/dags/hello_dag.py took 0.081 seconds
[2025-10-27T23:40:21.908+0000] {processor.py:161} INFO - Started process (PID=449) to work on /opt/airflow/dags/hello_dag.py
[2025-10-27T23:40:21.909+0000] {processor.py:830} INFO - Processing file /opt/airflow/dags/hello_dag.py for tasks to queue
[2025-10-27T23:40:21.911+0000] {logging_mixin.py:188} INFO - [2025-10-27T23:40:21.910+0000] {dagbag.py:545} INFO - Filling up the DagBag from /opt/airflow/dags/hello_dag.py
[2025-10-27T23:40:21.928+0000] {processor.py:840} INFO - DAG(s) 'hello_world' retrieved from /opt/airflow/dags/hello_dag.py
[2025-10-27T23:40:21.949+0000] {logging_mixin.py:188} INFO - [2025-10-27T23:40:21.949+0000] {dag.py:3096} INFO - Sync 1 DAGs
[2025-10-27T23:40:21.965+0000] {logging_mixin.py:188} INFO - [2025-10-27T23:40:21.965+0000] {dag.py:3954} INFO - Setting next_dagrun for hello_world to 2025-10-27 00:00:00+00:00, run_after=2025-10-28 00:00:00+00:00
[2025-10-27T23:40:21.982+0000] {processor.py:183} INFO - Processing /opt/airflow/dags/hello_dag.py took 0.078 seconds
[2025-10-27T23:40:52.040+0000] {processor.py:161} INFO - Started process (PID=454) to work on /opt/airflow/dags/hello_dag.py
[2025-10-27T23:40:52.041+0000] {processor.py:830} INFO - Processing file /opt/airflow/dags/hello_dag.py for tasks to queue
[2025-10-27T23:40:52.043+0000] {logging_mixin.py:188} INFO - [2025-10-27T23:40:52.043+0000] {dagbag.py:545} INFO - Filling up the DagBag from /opt/airflow/dags/hello_dag.py
[2025-10-27T23:40:52.063+0000] {processor.py:840} INFO - DAG(s) 'hello_world' retrieved from /opt/airflow/dags/hello_dag.py
[2025-10-27T23:40:52.084+0000] {logging_mixin.py:188} INFO - [2025-10-27T23:40:52.084+0000] {dag.py:3096} INFO - Sync 1 DAGs
[2025-10-27T23:40:52.101+0000] {logging_mixin.py:188} INFO - [2025-10-27T23:40:52.101+0000] {dag.py:3954} INFO - Setting next_dagrun for hello_world to 2025-10-27 00:00:00+00:00, run_after=2025-10-28 00:00:00+00:00
[2025-10-27T23:40:52.117+0000] {processor.py:183} INFO - Processing /opt/airflow/dags/hello_dag.py took 0.084 seconds
[2025-10-27T23:41:22.224+0000] {processor.py:161} INFO - Started process (PID=459) to work on /opt/airflow/dags/hello_dag.py
[2025-10-27T23:41:22.224+0000] {processor.py:830} INFO - Processing file /opt/airflow/dags/hello_dag.py for tasks to queue
[2025-10-27T23:41:22.226+0000] {logging_mixin.py:188} INFO - [2025-10-27T23:41:22.226+0000] {dagbag.py:545} INFO - Filling up the DagBag from /opt/airflow/dags/hello_dag.py
[2025-10-27T23:41:22.244+0000] {processor.py:840} INFO - DAG(s) 'hello_world' retrieved from /opt/airflow/dags/hello_dag.py
[2025-10-27T23:41:22.266+0000] {logging_mixin.py:188} INFO - [2025-10-27T23:41:22.265+0000] {dag.py:3096} INFO - Sync 1 DAGs
[2025-10-27T23:41:22.283+0000] {logging_mixin.py:188} INFO - [2025-10-27T23:41:22.283+0000] {dag.py:3954} INFO - Setting next_dagrun for hello_world to 2025-10-27 00:00:00+00:00, run_after=2025-10-28 00:00:00+00:00
[2025-10-27T23:41:22.301+0000] {processor.py:183} INFO - Processing /opt/airflow/dags/hello_dag.py took 0.082 seconds
[2025-10-27T23:41:52.362+0000] {processor.py:161} INFO - Started process (PID=464) to work on /opt/airflow/dags/hello_dag.py
[2025-10-27T23:41:52.363+0000] {processor.py:830} INFO - Processing file /opt/airflow/dags/hello_dag.py for tasks to queue
[2025-10-27T23:41:52.364+0000] {logging_mixin.py:188} INFO - [2025-10-27T23:41:52.364+0000] {dagbag.py:545} INFO - Filling up the DagBag from /opt/airflow/dags/hello_dag.py
[2025-10-27T23:41:52.382+0000] {processor.py:840} INFO - DAG(s) 'hello_world' retrieved from /opt/airflow/dags/hello_dag.py
[2025-10-27T23:41:52.403+0000] {logging_mixin.py:188} INFO - [2025-10-27T23:41:52.403+0000] {dag.py:3096} INFO - Sync 1 DAGs
[2025-10-27T23:41:52.421+0000] {logging_mixin.py:188} INFO - [2025-10-27T23:41:52.421+0000] {dag.py:3954} INFO - Setting next_dagrun for hello_world to 2025-10-27 00:00:00+00:00, run_after=2025-10-28 00:00:00+00:00
[2025-10-27T23:41:52.437+0000] {processor.py:183} INFO - Processing /opt/airflow/dags/hello_dag.py took 0.081 seconds
[2025-10-27T23:42:22.551+0000] {processor.py:161} INFO - Started process (PID=469) to work on /opt/airflow/dags/hello_dag.py
[2025-10-27T23:42:22.552+0000] {processor.py:830} INFO - Processing file /opt/airflow/dags/hello_dag.py for tasks to queue
[2025-10-27T23:42:22.553+0000] {logging_mixin.py:188} INFO - [2025-10-27T23:42:22.553+0000] {dagbag.py:545} INFO - Filling up the DagBag from /opt/airflow/dags/hello_dag.py
[2025-10-27T23:42:22.571+0000] {processor.py:840} INFO - DAG(s) 'hello_world' retrieved from /opt/airflow/dags/hello_dag.py
[2025-10-27T23:42:22.591+0000] {logging_mixin.py:188} INFO - [2025-10-27T23:42:22.591+0000] {dag.py:3096} INFO - Sync 1 DAGs
[2025-10-27T23:42:22.609+0000] {logging_mixin.py:188} INFO - [2025-10-27T23:42:22.609+0000] {dag.py:3954} INFO - Setting next_dagrun for hello_world to 2025-10-27 00:00:00+00:00, run_after=2025-10-28 00:00:00+00:00
[2025-10-27T23:42:22.627+0000] {processor.py:183} INFO - Processing /opt/airflow/dags/hello_dag.py took 0.080 seconds
[2025-10-27T23:42:52.682+0000] {processor.py:161} INFO - Started process (PID=474) to work on /opt/airflow/dags/hello_dag.py
[2025-10-27T23:42:52.683+0000] {processor.py:830} INFO - Processing file /opt/airflow/dags/hello_dag.py for tasks to queue
[2025-10-27T23:42:52.684+0000] {logging_mixin.py:188} INFO - [2025-10-27T23:42:52.684+0000] {dagbag.py:545} INFO - Filling up the DagBag from /opt/airflow/dags/hello_dag.py
[2025-10-27T23:42:52.703+0000] {processor.py:840} INFO - DAG(s) 'hello_world' retrieved from /opt/airflow/dags/hello_dag.py
[2025-10-27T23:42:52.729+0000] {logging_mixin.py:188} INFO - [2025-10-27T23:42:52.729+0000] {dag.py:3096} INFO - Sync 1 DAGs
[2025-10-27T23:42:52.750+0000] {logging_mixin.py:188} INFO - [2025-10-27T23:42:52.749+0000] {dag.py:3954} INFO - Setting next_dagrun for hello_world to 2025-10-27 00:00:00+00:00, run_after=2025-10-28 00:00:00+00:00
[2025-10-27T23:42:52.766+0000] {processor.py:183} INFO - Processing /opt/airflow/dags/hello_dag.py took 0.089 seconds
[2025-10-27T23:43:22.903+0000] {processor.py:161} INFO - Started process (PID=479) to work on /opt/airflow/dags/hello_dag.py
[2025-10-27T23:43:22.904+0000] {processor.py:830} INFO - Processing file /opt/airflow/dags/hello_dag.py for tasks to queue
[2025-10-27T23:43:22.906+0000] {logging_mixin.py:188} INFO - [2025-10-27T23:43:22.905+0000] {dagbag.py:545} INFO - Filling up the DagBag from /opt/airflow/dags/hello_dag.py
[2025-10-27T23:43:22.926+0000] {processor.py:840} INFO - DAG(s) 'hello_world' retrieved from /opt/airflow/dags/hello_dag.py
[2025-10-27T23:43:22.951+0000] {logging_mixin.py:188} INFO - [2025-10-27T23:43:22.951+0000] {dag.py:3096} INFO - Sync 1 DAGs
[2025-10-27T23:43:22.970+0000] {logging_mixin.py:188} INFO - [2025-10-27T23:43:22.970+0000] {dag.py:3954} INFO - Setting next_dagrun for hello_world to 2025-10-27 00:00:00+00:00, run_after=2025-10-28 00:00:00+00:00
[2025-10-27T23:43:22.987+0000] {processor.py:183} INFO - Processing /opt/airflow/dags/hello_dag.py took 0.089 seconds
[2025-10-27T23:43:53.033+0000] {processor.py:161} INFO - Started process (PID=484) to work on /opt/airflow/dags/hello_dag.py
[2025-10-27T23:43:53.034+0000] {processor.py:830} INFO - Processing file /opt/airflow/dags/hello_dag.py for tasks to queue
[2025-10-27T23:43:53.035+0000] {logging_mixin.py:188} INFO - [2025-10-27T23:43:53.035+0000] {dagbag.py:545} INFO - Filling up the DagBag from /opt/airflow/dags/hello_dag.py
[2025-10-27T23:43:53.053+0000] {processor.py:840} INFO - DAG(s) 'hello_world' retrieved from /opt/airflow/dags/hello_dag.py
[2025-10-27T23:43:53.078+0000] {logging_mixin.py:188} INFO - [2025-10-27T23:43:53.078+0000] {dag.py:3096} INFO - Sync 1 DAGs
[2025-10-27T23:43:53.097+0000] {logging_mixin.py:188} INFO - [2025-10-27T23:43:53.097+0000] {dag.py:3954} INFO - Setting next_dagrun for hello_world to 2025-10-27 00:00:00+00:00, run_after=2025-10-28 00:00:00+00:00
[2025-10-27T23:43:53.116+0000] {processor.py:183} INFO - Processing /opt/airflow/dags/hello_dag.py took 0.087 seconds
[2025-10-27T23:44:23.231+0000] {processor.py:161} INFO - Started process (PID=489) to work on /opt/airflow/dags/hello_dag.py
[2025-10-27T23:44:23.232+0000] {processor.py:830} INFO - Processing file /opt/airflow/dags/hello_dag.py for tasks to queue
[2025-10-27T23:44:23.233+0000] {logging_mixin.py:188} INFO - [2025-10-27T23:44:23.233+0000] {dagbag.py:545} INFO - Filling up the DagBag from /opt/airflow/dags/hello_dag.py
[2025-10-27T23:44:23.251+0000] {processor.py:840} INFO - DAG(s) 'hello_world' retrieved from /opt/airflow/dags/hello_dag.py
[2025-10-27T23:44:23.274+0000] {logging_mixin.py:188} INFO - [2025-10-27T23:44:23.274+0000] {dag.py:3096} INFO - Sync 1 DAGs
[2025-10-27T23:44:23.293+0000] {logging_mixin.py:188} INFO - [2025-10-27T23:44:23.293+0000] {dag.py:3954} INFO - Setting next_dagrun for hello_world to 2025-10-27 00:00:00+00:00, run_after=2025-10-28 00:00:00+00:00
[2025-10-27T23:44:23.312+0000] {processor.py:183} INFO - Processing /opt/airflow/dags/hello_dag.py took 0.085 seconds
[2025-10-27T23:44:53.358+0000] {processor.py:161} INFO - Started process (PID=494) to work on /opt/airflow/dags/hello_dag.py
[2025-10-27T23:44:53.359+0000] {processor.py:830} INFO - Processing file /opt/airflow/dags/hello_dag.py for tasks to queue
[2025-10-27T23:44:53.360+0000] {logging_mixin.py:188} INFO - [2025-10-27T23:44:53.360+0000] {dagbag.py:545} INFO - Filling up the DagBag from /opt/airflow/dags/hello_dag.py
[2025-10-27T23:44:53.377+0000] {processor.py:840} INFO - DAG(s) 'hello_world' retrieved from /opt/airflow/dags/hello_dag.py
[2025-10-27T23:44:53.398+0000] {logging_mixin.py:188} INFO - [2025-10-27T23:44:53.397+0000] {dag.py:3096} INFO - Sync 1 DAGs
[2025-10-27T23:44:53.416+0000] {logging_mixin.py:188} INFO - [2025-10-27T23:44:53.416+0000] {dag.py:3954} INFO - Setting next_dagrun for hello_world to 2025-10-27 00:00:00+00:00, run_after=2025-10-28 00:00:00+00:00
[2025-10-27T23:44:53.433+0000] {processor.py:183} INFO - Processing /opt/airflow/dags/hello_dag.py took 0.080 seconds
[2025-10-27T23:45:23.559+0000] {processor.py:161} INFO - Started process (PID=499) to work on /opt/airflow/dags/hello_dag.py
[2025-10-27T23:45:23.560+0000] {processor.py:830} INFO - Processing file /opt/airflow/dags/hello_dag.py for tasks to queue
[2025-10-27T23:45:23.562+0000] {logging_mixin.py:188} INFO - [2025-10-27T23:45:23.562+0000] {dagbag.py:545} INFO - Filling up the DagBag from /opt/airflow/dags/hello_dag.py
[2025-10-27T23:45:23.579+0000] {processor.py:840} INFO - DAG(s) 'hello_world' retrieved from /opt/airflow/dags/hello_dag.py
[2025-10-27T23:45:23.600+0000] {logging_mixin.py:188} INFO - [2025-10-27T23:45:23.600+0000] {dag.py:3096} INFO - Sync 1 DAGs
[2025-10-27T23:45:23.619+0000] {logging_mixin.py:188} INFO - [2025-10-27T23:45:23.619+0000] {dag.py:3954} INFO - Setting next_dagrun for hello_world to 2025-10-27 00:00:00+00:00, run_after=2025-10-28 00:00:00+00:00
[2025-10-27T23:45:23.636+0000] {processor.py:183} INFO - Processing /opt/airflow/dags/hello_dag.py took 0.082 seconds
[2025-10-27T23:45:53.698+0000] {processor.py:161} INFO - Started process (PID=504) to work on /opt/airflow/dags/hello_dag.py
[2025-10-27T23:45:53.699+0000] {processor.py:830} INFO - Processing file /opt/airflow/dags/hello_dag.py for tasks to queue
[2025-10-27T23:45:53.700+0000] {logging_mixin.py:188} INFO - [2025-10-27T23:45:53.700+0000] {dagbag.py:545} INFO - Filling up the DagBag from /opt/airflow/dags/hello_dag.py
[2025-10-27T23:45:53.718+0000] {processor.py:840} INFO - DAG(s) 'hello_world' retrieved from /opt/airflow/dags/hello_dag.py
[2025-10-27T23:45:53.742+0000] {logging_mixin.py:188} INFO - [2025-10-27T23:45:53.742+0000] {dag.py:3096} INFO - Sync 1 DAGs
[2025-10-27T23:45:53.763+0000] {logging_mixin.py:188} INFO - [2025-10-27T23:45:53.763+0000] {dag.py:3954} INFO - Setting next_dagrun for hello_world to 2025-10-27 00:00:00+00:00, run_after=2025-10-28 00:00:00+00:00
[2025-10-27T23:45:53.780+0000] {processor.py:183} INFO - Processing /opt/airflow/dags/hello_dag.py took 0.087 seconds
[2025-10-27T23:46:23.876+0000] {processor.py:161} INFO - Started process (PID=509) to work on /opt/airflow/dags/hello_dag.py
[2025-10-27T23:46:23.877+0000] {processor.py:830} INFO - Processing file /opt/airflow/dags/hello_dag.py for tasks to queue
[2025-10-27T23:46:23.878+0000] {logging_mixin.py:188} INFO - [2025-10-27T23:46:23.878+0000] {dagbag.py:545} INFO - Filling up the DagBag from /opt/airflow/dags/hello_dag.py
[2025-10-27T23:46:23.898+0000] {processor.py:840} INFO - DAG(s) 'hello_world' retrieved from /opt/airflow/dags/hello_dag.py
[2025-10-27T23:46:23.922+0000] {logging_mixin.py:188} INFO - [2025-10-27T23:46:23.922+0000] {dag.py:3096} INFO - Sync 1 DAGs
[2025-10-27T23:46:23.941+0000] {logging_mixin.py:188} INFO - [2025-10-27T23:46:23.941+0000] {dag.py:3954} INFO - Setting next_dagrun for hello_world to 2025-10-27 00:00:00+00:00, run_after=2025-10-28 00:00:00+00:00
[2025-10-27T23:46:23.958+0000] {processor.py:183} INFO - Processing /opt/airflow/dags/hello_dag.py took 0.087 seconds
[2025-10-27T23:46:54.012+0000] {processor.py:161} INFO - Started process (PID=514) to work on /opt/airflow/dags/hello_dag.py
[2025-10-27T23:46:54.013+0000] {processor.py:830} INFO - Processing file /opt/airflow/dags/hello_dag.py for tasks to queue
[2025-10-27T23:46:54.015+0000] {logging_mixin.py:188} INFO - [2025-10-27T23:46:54.014+0000] {dagbag.py:545} INFO - Filling up the DagBag from /opt/airflow/dags/hello_dag.py
[2025-10-27T23:46:54.032+0000] {processor.py:840} INFO - DAG(s) 'hello_world' retrieved from /opt/airflow/dags/hello_dag.py
[2025-10-27T23:46:54.056+0000] {logging_mixin.py:188} INFO - [2025-10-27T23:46:54.056+0000] {dag.py:3096} INFO - Sync 1 DAGs
[2025-10-27T23:46:54.075+0000] {logging_mixin.py:188} INFO - [2025-10-27T23:46:54.075+0000] {dag.py:3954} INFO - Setting next_dagrun for hello_world to 2025-10-27 00:00:00+00:00, run_after=2025-10-28 00:00:00+00:00
[2025-10-27T23:46:54.092+0000] {processor.py:183} INFO - Processing /opt/airflow/dags/hello_dag.py took 0.085 seconds
[2025-10-27T23:47:24.194+0000] {processor.py:161} INFO - Started process (PID=519) to work on /opt/airflow/dags/hello_dag.py
[2025-10-27T23:47:24.195+0000] {processor.py:830} INFO - Processing file /opt/airflow/dags/hello_dag.py for tasks to queue
[2025-10-27T23:47:24.196+0000] {logging_mixin.py:188} INFO - [2025-10-27T23:47:24.196+0000] {dagbag.py:545} INFO - Filling up the DagBag from /opt/airflow/dags/hello_dag.py
[2025-10-27T23:47:24.214+0000] {processor.py:840} INFO - DAG(s) 'hello_world' retrieved from /opt/airflow/dags/hello_dag.py
[2025-10-27T23:47:24.237+0000] {logging_mixin.py:188} INFO - [2025-10-27T23:47:24.237+0000] {dag.py:3096} INFO - Sync 1 DAGs
[2025-10-27T23:47:24.257+0000] {logging_mixin.py:188} INFO - [2025-10-27T23:47:24.256+0000] {dag.py:3954} INFO - Setting next_dagrun for hello_world to 2025-10-27 00:00:00+00:00, run_after=2025-10-28 00:00:00+00:00
[2025-10-27T23:47:24.273+0000] {processor.py:183} INFO - Processing /opt/airflow/dags/hello_dag.py took 0.084 seconds
[2025-10-27T23:47:54.338+0000] {processor.py:161} INFO - Started process (PID=524) to work on /opt/airflow/dags/hello_dag.py
[2025-10-27T23:47:54.339+0000] {processor.py:830} INFO - Processing file /opt/airflow/dags/hello_dag.py for tasks to queue
[2025-10-27T23:47:54.341+0000] {logging_mixin.py:188} INFO - [2025-10-27T23:47:54.341+0000] {dagbag.py:545} INFO - Filling up the DagBag from /opt/airflow/dags/hello_dag.py
[2025-10-27T23:47:54.358+0000] {processor.py:840} INFO - DAG(s) 'hello_world' retrieved from /opt/airflow/dags/hello_dag.py
[2025-10-27T23:47:54.383+0000] {logging_mixin.py:188} INFO - [2025-10-27T23:47:54.383+0000] {dag.py:3096} INFO - Sync 1 DAGs
[2025-10-27T23:47:54.401+0000] {logging_mixin.py:188} INFO - [2025-10-27T23:47:54.401+0000] {dag.py:3954} INFO - Setting next_dagrun for hello_world to 2025-10-27 00:00:00+00:00, run_after=2025-10-28 00:00:00+00:00
[2025-10-27T23:47:54.418+0000] {processor.py:183} INFO - Processing /opt/airflow/dags/hello_dag.py took 0.085 seconds
[2025-10-27T23:48:24.537+0000] {processor.py:161} INFO - Started process (PID=529) to work on /opt/airflow/dags/hello_dag.py
[2025-10-27T23:48:24.538+0000] {processor.py:830} INFO - Processing file /opt/airflow/dags/hello_dag.py for tasks to queue
[2025-10-27T23:48:24.540+0000] {logging_mixin.py:188} INFO - [2025-10-27T23:48:24.540+0000] {dagbag.py:545} INFO - Filling up the DagBag from /opt/airflow/dags/hello_dag.py
[2025-10-27T23:48:24.558+0000] {processor.py:840} INFO - DAG(s) 'hello_world' retrieved from /opt/airflow/dags/hello_dag.py
[2025-10-27T23:48:24.582+0000] {logging_mixin.py:188} INFO - [2025-10-27T23:48:24.582+0000] {dag.py:3096} INFO - Sync 1 DAGs
[2025-10-27T23:48:24.601+0000] {logging_mixin.py:188} INFO - [2025-10-27T23:48:24.601+0000] {dag.py:3954} INFO - Setting next_dagrun for hello_world to 2025-10-27 00:00:00+00:00, run_after=2025-10-28 00:00:00+00:00
[2025-10-27T23:48:24.618+0000] {processor.py:183} INFO - Processing /opt/airflow/dags/hello_dag.py took 0.085 seconds
[2025-10-27T23:48:54.673+0000] {processor.py:161} INFO - Started process (PID=534) to work on /opt/airflow/dags/hello_dag.py
[2025-10-27T23:48:54.674+0000] {processor.py:830} INFO - Processing file /opt/airflow/dags/hello_dag.py for tasks to queue
[2025-10-27T23:48:54.675+0000] {logging_mixin.py:188} INFO - [2025-10-27T23:48:54.675+0000] {dagbag.py:545} INFO - Filling up the DagBag from /opt/airflow/dags/hello_dag.py
[2025-10-27T23:48:54.693+0000] {processor.py:840} INFO - DAG(s) 'hello_world' retrieved from /opt/airflow/dags/hello_dag.py
[2025-10-27T23:48:54.714+0000] {logging_mixin.py:188} INFO - [2025-10-27T23:48:54.714+0000] {dag.py:3096} INFO - Sync 1 DAGs
[2025-10-27T23:48:54.731+0000] {logging_mixin.py:188} INFO - [2025-10-27T23:48:54.731+0000] {dag.py:3954} INFO - Setting next_dagrun for hello_world to 2025-10-27 00:00:00+00:00, run_after=2025-10-28 00:00:00+00:00
[2025-10-27T23:48:54.748+0000] {processor.py:183} INFO - Processing /opt/airflow/dags/hello_dag.py took 0.081 seconds
[2025-10-27T23:49:24.881+0000] {processor.py:161} INFO - Started process (PID=539) to work on /opt/airflow/dags/hello_dag.py
[2025-10-27T23:49:24.882+0000] {processor.py:830} INFO - Processing file /opt/airflow/dags/hello_dag.py for tasks to queue
[2025-10-27T23:49:24.883+0000] {logging_mixin.py:188} INFO - [2025-10-27T23:49:24.883+0000] {dagbag.py:545} INFO - Filling up the DagBag from /opt/airflow/dags/hello_dag.py
[2025-10-27T23:49:24.900+0000] {processor.py:840} INFO - DAG(s) 'hello_world' retrieved from /opt/airflow/dags/hello_dag.py
[2025-10-27T23:49:24.921+0000] {logging_mixin.py:188} INFO - [2025-10-27T23:49:24.920+0000] {dag.py:3096} INFO - Sync 1 DAGs
[2025-10-27T23:49:24.938+0000] {logging_mixin.py:188} INFO - [2025-10-27T23:49:24.937+0000] {dag.py:3954} INFO - Setting next_dagrun for hello_world to 2025-10-27 00:00:00+00:00, run_after=2025-10-28 00:00:00+00:00
[2025-10-27T23:49:24.954+0000] {processor.py:183} INFO - Processing /opt/airflow/dags/hello_dag.py took 0.078 seconds
[2025-10-27T23:49:55.021+0000] {processor.py:161} INFO - Started process (PID=544) to work on /opt/airflow/dags/hello_dag.py
[2025-10-27T23:49:55.022+0000] {processor.py:830} INFO - Processing file /opt/airflow/dags/hello_dag.py for tasks to queue
[2025-10-27T23:49:55.023+0000] {logging_mixin.py:188} INFO - [2025-10-27T23:49:55.023+0000] {dagbag.py:545} INFO - Filling up the DagBag from /opt/airflow/dags/hello_dag.py
[2025-10-27T23:49:55.042+0000] {processor.py:840} INFO - DAG(s) 'hello_world' retrieved from /opt/airflow/dags/hello_dag.py
[2025-10-27T23:49:55.064+0000] {logging_mixin.py:188} INFO - [2025-10-27T23:49:55.064+0000] {dag.py:3096} INFO - Sync 1 DAGs
[2025-10-27T23:49:55.087+0000] {logging_mixin.py:188} INFO - [2025-10-27T23:49:55.086+0000] {dag.py:3954} INFO - Setting next_dagrun for hello_world to 2025-10-27 00:00:00+00:00, run_after=2025-10-28 00:00:00+00:00
[2025-10-27T23:49:55.105+0000] {processor.py:183} INFO - Processing /opt/airflow/dags/hello_dag.py took 0.090 seconds
[2025-10-27T23:50:25.213+0000] {processor.py:161} INFO - Started process (PID=549) to work on /opt/airflow/dags/hello_dag.py
[2025-10-27T23:50:25.214+0000] {processor.py:830} INFO - Processing file /opt/airflow/dags/hello_dag.py for tasks to queue
[2025-10-27T23:50:25.215+0000] {logging_mixin.py:188} INFO - [2025-10-27T23:50:25.215+0000] {dagbag.py:545} INFO - Filling up the DagBag from /opt/airflow/dags/hello_dag.py
[2025-10-27T23:50:25.233+0000] {processor.py:840} INFO - DAG(s) 'hello_world' retrieved from /opt/airflow/dags/hello_dag.py
[2025-10-27T23:50:25.258+0000] {logging_mixin.py:188} INFO - [2025-10-27T23:50:25.258+0000] {dag.py:3096} INFO - Sync 1 DAGs
[2025-10-27T23:50:25.279+0000] {logging_mixin.py:188} INFO - [2025-10-27T23:50:25.279+0000] {dag.py:3954} INFO - Setting next_dagrun for hello_world to 2025-10-27 00:00:00+00:00, run_after=2025-10-28 00:00:00+00:00
[2025-10-27T23:50:25.299+0000] {processor.py:183} INFO - Processing /opt/airflow/dags/hello_dag.py took 0.092 seconds
[2025-10-27T23:50:55.353+0000] {processor.py:161} INFO - Started process (PID=554) to work on /opt/airflow/dags/hello_dag.py
[2025-10-27T23:50:55.354+0000] {processor.py:830} INFO - Processing file /opt/airflow/dags/hello_dag.py for tasks to queue
[2025-10-27T23:50:55.356+0000] {logging_mixin.py:188} INFO - [2025-10-27T23:50:55.356+0000] {dagbag.py:545} INFO - Filling up the DagBag from /opt/airflow/dags/hello_dag.py
[2025-10-27T23:50:55.373+0000] {processor.py:840} INFO - DAG(s) 'hello_world' retrieved from /opt/airflow/dags/hello_dag.py
[2025-10-27T23:50:55.396+0000] {logging_mixin.py:188} INFO - [2025-10-27T23:50:55.396+0000] {dag.py:3096} INFO - Sync 1 DAGs
[2025-10-27T23:50:55.417+0000] {logging_mixin.py:188} INFO - [2025-10-27T23:50:55.417+0000] {dag.py:3954} INFO - Setting next_dagrun for hello_world to 2025-10-27 00:00:00+00:00, run_after=2025-10-28 00:00:00+00:00
[2025-10-27T23:50:55.434+0000] {processor.py:183} INFO - Processing /opt/airflow/dags/hello_dag.py took 0.086 seconds
[2025-10-27T23:51:25.563+0000] {processor.py:161} INFO - Started process (PID=559) to work on /opt/airflow/dags/hello_dag.py
[2025-10-27T23:51:25.564+0000] {processor.py:830} INFO - Processing file /opt/airflow/dags/hello_dag.py for tasks to queue
[2025-10-27T23:51:25.570+0000] {logging_mixin.py:188} INFO - [2025-10-27T23:51:25.569+0000] {dagbag.py:545} INFO - Filling up the DagBag from /opt/airflow/dags/hello_dag.py
[2025-10-27T23:51:25.606+0000] {processor.py:840} INFO - DAG(s) 'hello_world' retrieved from /opt/airflow/dags/hello_dag.py
[2025-10-27T23:51:25.646+0000] {logging_mixin.py:188} INFO - [2025-10-27T23:51:25.646+0000] {dag.py:3096} INFO - Sync 1 DAGs
[2025-10-27T23:51:25.677+0000] {logging_mixin.py:188} INFO - [2025-10-27T23:51:25.677+0000] {dag.py:3954} INFO - Setting next_dagrun for hello_world to 2025-10-27 00:00:00+00:00, run_after=2025-10-28 00:00:00+00:00
[2025-10-27T23:51:25.702+0000] {processor.py:183} INFO - Processing /opt/airflow/dags/hello_dag.py took 0.148 seconds
[2025-10-27T23:51:55.862+0000] {processor.py:161} INFO - Started process (PID=564) to work on /opt/airflow/dags/hello_dag.py
[2025-10-27T23:51:55.863+0000] {processor.py:830} INFO - Processing file /opt/airflow/dags/hello_dag.py for tasks to queue
[2025-10-27T23:51:55.864+0000] {logging_mixin.py:188} INFO - [2025-10-27T23:51:55.864+0000] {dagbag.py:545} INFO - Filling up the DagBag from /opt/airflow/dags/hello_dag.py
[2025-10-27T23:51:55.884+0000] {processor.py:840} INFO - DAG(s) 'hello_world' retrieved from /opt/airflow/dags/hello_dag.py
[2025-10-27T23:51:55.909+0000] {logging_mixin.py:188} INFO - [2025-10-27T23:51:55.908+0000] {dag.py:3096} INFO - Sync 1 DAGs
[2025-10-27T23:51:55.929+0000] {logging_mixin.py:188} INFO - [2025-10-27T23:51:55.929+0000] {dag.py:3954} INFO - Setting next_dagrun for hello_world to 2025-10-27 00:00:00+00:00, run_after=2025-10-28 00:00:00+00:00
[2025-10-27T23:51:55.948+0000] {processor.py:183} INFO - Processing /opt/airflow/dags/hello_dag.py took 0.092 seconds
[2025-10-27T23:52:26.007+0000] {processor.py:161} INFO - Started process (PID=569) to work on /opt/airflow/dags/hello_dag.py
[2025-10-27T23:52:26.008+0000] {processor.py:830} INFO - Processing file /opt/airflow/dags/hello_dag.py for tasks to queue
[2025-10-27T23:52:26.010+0000] {logging_mixin.py:188} INFO - [2025-10-27T23:52:26.010+0000] {dagbag.py:545} INFO - Filling up the DagBag from /opt/airflow/dags/hello_dag.py
[2025-10-27T23:52:26.032+0000] {processor.py:840} INFO - DAG(s) 'hello_world' retrieved from /opt/airflow/dags/hello_dag.py
[2025-10-27T23:52:26.064+0000] {logging_mixin.py:188} INFO - [2025-10-27T23:52:26.064+0000] {dag.py:3096} INFO - Sync 1 DAGs
[2025-10-27T23:52:26.082+0000] {logging_mixin.py:188} INFO - [2025-10-27T23:52:26.082+0000] {dag.py:3954} INFO - Setting next_dagrun for hello_world to 2025-10-27 00:00:00+00:00, run_after=2025-10-28 00:00:00+00:00
[2025-10-27T23:52:26.099+0000] {processor.py:183} INFO - Processing /opt/airflow/dags/hello_dag.py took 0.099 seconds
[2025-10-27T23:52:56.212+0000] {processor.py:161} INFO - Started process (PID=574) to work on /opt/airflow/dags/hello_dag.py
[2025-10-27T23:52:56.213+0000] {processor.py:830} INFO - Processing file /opt/airflow/dags/hello_dag.py for tasks to queue
[2025-10-27T23:52:56.214+0000] {logging_mixin.py:188} INFO - [2025-10-27T23:52:56.214+0000] {dagbag.py:545} INFO - Filling up the DagBag from /opt/airflow/dags/hello_dag.py
[2025-10-27T23:52:56.232+0000] {processor.py:840} INFO - DAG(s) 'hello_world' retrieved from /opt/airflow/dags/hello_dag.py
[2025-10-27T23:52:56.253+0000] {logging_mixin.py:188} INFO - [2025-10-27T23:52:56.253+0000] {dag.py:3096} INFO - Sync 1 DAGs
[2025-10-27T23:52:56.271+0000] {logging_mixin.py:188} INFO - [2025-10-27T23:52:56.270+0000] {dag.py:3954} INFO - Setting next_dagrun for hello_world to 2025-10-27 00:00:00+00:00, run_after=2025-10-28 00:00:00+00:00
[2025-10-27T23:52:56.287+0000] {processor.py:183} INFO - Processing /opt/airflow/dags/hello_dag.py took 0.080 seconds
[2025-10-27T23:53:26.455+0000] {processor.py:161} INFO - Started process (PID=590) to work on /opt/airflow/dags/hello_dag.py
[2025-10-27T23:53:26.456+0000] {processor.py:830} INFO - Processing file /opt/airflow/dags/hello_dag.py for tasks to queue
[2025-10-27T23:53:26.458+0000] {logging_mixin.py:188} INFO - [2025-10-27T23:53:26.457+0000] {dagbag.py:545} INFO - Filling up the DagBag from /opt/airflow/dags/hello_dag.py
[2025-10-27T23:53:26.483+0000] {processor.py:840} INFO - DAG(s) 'hello_world' retrieved from /opt/airflow/dags/hello_dag.py
[2025-10-27T23:53:26.513+0000] {logging_mixin.py:188} INFO - [2025-10-27T23:53:26.513+0000] {dag.py:3096} INFO - Sync 1 DAGs
[2025-10-27T23:53:26.539+0000] {logging_mixin.py:188} INFO - [2025-10-27T23:53:26.539+0000] {dag.py:3954} INFO - Setting next_dagrun for hello_world to 2025-10-27 00:00:00+00:00, run_after=2025-10-28 00:00:00+00:00
[2025-10-27T23:53:26.558+0000] {processor.py:183} INFO - Processing /opt/airflow/dags/hello_dag.py took 0.109 seconds
[2025-10-27T23:53:56.749+0000] {processor.py:161} INFO - Started process (PID=600) to work on /opt/airflow/dags/hello_dag.py
[2025-10-27T23:53:56.750+0000] {processor.py:830} INFO - Processing file /opt/airflow/dags/hello_dag.py for tasks to queue
[2025-10-27T23:53:56.751+0000] {logging_mixin.py:188} INFO - [2025-10-27T23:53:56.751+0000] {dagbag.py:545} INFO - Filling up the DagBag from /opt/airflow/dags/hello_dag.py
[2025-10-27T23:53:56.775+0000] {processor.py:840} INFO - DAG(s) 'hello_world' retrieved from /opt/airflow/dags/hello_dag.py
[2025-10-27T23:53:56.807+0000] {logging_mixin.py:188} INFO - [2025-10-27T23:53:56.807+0000] {dag.py:3096} INFO - Sync 1 DAGs
[2025-10-27T23:53:56.827+0000] {logging_mixin.py:188} INFO - [2025-10-27T23:53:56.827+0000] {dag.py:3954} INFO - Setting next_dagrun for hello_world to 2025-10-27 00:00:00+00:00, run_after=2025-10-28 00:00:00+00:00
[2025-10-27T23:53:56.846+0000] {processor.py:183} INFO - Processing /opt/airflow/dags/hello_dag.py took 0.103 seconds
[2025-10-27T23:54:27.033+0000] {processor.py:161} INFO - Started process (PID=610) to work on /opt/airflow/dags/hello_dag.py
[2025-10-27T23:54:27.033+0000] {processor.py:830} INFO - Processing file /opt/airflow/dags/hello_dag.py for tasks to queue
[2025-10-27T23:54:27.035+0000] {logging_mixin.py:188} INFO - [2025-10-27T23:54:27.035+0000] {dagbag.py:545} INFO - Filling up the DagBag from /opt/airflow/dags/hello_dag.py
[2025-10-27T23:54:27.053+0000] {processor.py:840} INFO - DAG(s) 'hello_world' retrieved from /opt/airflow/dags/hello_dag.py
[2025-10-27T23:54:27.075+0000] {logging_mixin.py:188} INFO - [2025-10-27T23:54:27.075+0000] {dag.py:3096} INFO - Sync 1 DAGs
[2025-10-27T23:54:27.094+0000] {logging_mixin.py:188} INFO - [2025-10-27T23:54:27.094+0000] {dag.py:3954} INFO - Setting next_dagrun for hello_world to 2025-10-27 00:00:00+00:00, run_after=2025-10-28 00:00:00+00:00
[2025-10-27T23:54:27.110+0000] {processor.py:183} INFO - Processing /opt/airflow/dags/hello_dag.py took 0.083 seconds
[2025-10-27T23:54:57.300+0000] {processor.py:161} INFO - Started process (PID=626) to work on /opt/airflow/dags/hello_dag.py
[2025-10-27T23:54:57.300+0000] {processor.py:830} INFO - Processing file /opt/airflow/dags/hello_dag.py for tasks to queue
[2025-10-27T23:54:57.302+0000] {logging_mixin.py:188} INFO - [2025-10-27T23:54:57.302+0000] {dagbag.py:545} INFO - Filling up the DagBag from /opt/airflow/dags/hello_dag.py
[2025-10-27T23:54:57.323+0000] {processor.py:840} INFO - DAG(s) 'hello_world' retrieved from /opt/airflow/dags/hello_dag.py
[2025-10-27T23:54:57.347+0000] {logging_mixin.py:188} INFO - [2025-10-27T23:54:57.347+0000] {dag.py:3096} INFO - Sync 1 DAGs
[2025-10-27T23:54:57.364+0000] {logging_mixin.py:188} INFO - [2025-10-27T23:54:57.363+0000] {dag.py:3954} INFO - Setting next_dagrun for hello_world to 2025-10-27 00:00:00+00:00, run_after=2025-10-28 00:00:00+00:00
[2025-10-27T23:54:57.381+0000] {processor.py:183} INFO - Processing /opt/airflow/dags/hello_dag.py took 0.086 seconds
[2025-10-27T23:55:27.568+0000] {processor.py:161} INFO - Started process (PID=636) to work on /opt/airflow/dags/hello_dag.py
[2025-10-27T23:55:27.569+0000] {processor.py:830} INFO - Processing file /opt/airflow/dags/hello_dag.py for tasks to queue
[2025-10-27T23:55:27.570+0000] {logging_mixin.py:188} INFO - [2025-10-27T23:55:27.570+0000] {dagbag.py:545} INFO - Filling up the DagBag from /opt/airflow/dags/hello_dag.py
[2025-10-27T23:55:27.591+0000] {processor.py:840} INFO - DAG(s) 'hello_world' retrieved from /opt/airflow/dags/hello_dag.py
[2025-10-27T23:55:27.615+0000] {logging_mixin.py:188} INFO - [2025-10-27T23:55:27.615+0000] {dag.py:3096} INFO - Sync 1 DAGs
[2025-10-27T23:55:27.632+0000] {logging_mixin.py:188} INFO - [2025-10-27T23:55:27.632+0000] {dag.py:3954} INFO - Setting next_dagrun for hello_world to 2025-10-27 00:00:00+00:00, run_after=2025-10-28 00:00:00+00:00
[2025-10-27T23:55:27.650+0000] {processor.py:183} INFO - Processing /opt/airflow/dags/hello_dag.py took 0.087 seconds
[2025-10-27T23:55:57.844+0000] {processor.py:161} INFO - Started process (PID=646) to work on /opt/airflow/dags/hello_dag.py
[2025-10-27T23:55:57.845+0000] {processor.py:830} INFO - Processing file /opt/airflow/dags/hello_dag.py for tasks to queue
[2025-10-27T23:55:57.846+0000] {logging_mixin.py:188} INFO - [2025-10-27T23:55:57.846+0000] {dagbag.py:545} INFO - Filling up the DagBag from /opt/airflow/dags/hello_dag.py
[2025-10-27T23:55:57.870+0000] {processor.py:840} INFO - DAG(s) 'hello_world' retrieved from /opt/airflow/dags/hello_dag.py
[2025-10-27T23:55:57.900+0000] {logging_mixin.py:188} INFO - [2025-10-27T23:55:57.900+0000] {dag.py:3096} INFO - Sync 1 DAGs
[2025-10-27T23:55:57.918+0000] {logging_mixin.py:188} INFO - [2025-10-27T23:55:57.918+0000] {dag.py:3954} INFO - Setting next_dagrun for hello_world to 2025-10-27 00:00:00+00:00, run_after=2025-10-28 00:00:00+00:00
[2025-10-27T23:55:57.934+0000] {processor.py:183} INFO - Processing /opt/airflow/dags/hello_dag.py took 0.096 seconds
[2025-10-27T23:56:28.111+0000] {processor.py:161} INFO - Started process (PID=656) to work on /opt/airflow/dags/hello_dag.py
[2025-10-27T23:56:28.111+0000] {processor.py:830} INFO - Processing file /opt/airflow/dags/hello_dag.py for tasks to queue
[2025-10-27T23:56:28.113+0000] {logging_mixin.py:188} INFO - [2025-10-27T23:56:28.113+0000] {dagbag.py:545} INFO - Filling up the DagBag from /opt/airflow/dags/hello_dag.py
[2025-10-27T23:56:28.132+0000] {processor.py:840} INFO - DAG(s) 'hello_world' retrieved from /opt/airflow/dags/hello_dag.py
[2025-10-27T23:56:28.153+0000] {logging_mixin.py:188} INFO - [2025-10-27T23:56:28.153+0000] {dag.py:3096} INFO - Sync 1 DAGs
[2025-10-27T23:56:28.171+0000] {logging_mixin.py:188} INFO - [2025-10-27T23:56:28.171+0000] {dag.py:3954} INFO - Setting next_dagrun for hello_world to 2025-10-27 00:00:00+00:00, run_after=2025-10-28 00:00:00+00:00
[2025-10-27T23:56:28.189+0000] {processor.py:183} INFO - Processing /opt/airflow/dags/hello_dag.py took 0.083 seconds
[2025-10-27T23:56:58.366+0000] {processor.py:161} INFO - Started process (PID=666) to work on /opt/airflow/dags/hello_dag.py
[2025-10-27T23:56:58.367+0000] {processor.py:830} INFO - Processing file /opt/airflow/dags/hello_dag.py for tasks to queue
[2025-10-27T23:56:58.368+0000] {logging_mixin.py:188} INFO - [2025-10-27T23:56:58.368+0000] {dagbag.py:545} INFO - Filling up the DagBag from /opt/airflow/dags/hello_dag.py
[2025-10-27T23:56:58.387+0000] {processor.py:840} INFO - DAG(s) 'hello_world' retrieved from /opt/airflow/dags/hello_dag.py
[2025-10-27T23:56:58.408+0000] {logging_mixin.py:188} INFO - [2025-10-27T23:56:58.408+0000] {dag.py:3096} INFO - Sync 1 DAGs
[2025-10-27T23:56:58.426+0000] {logging_mixin.py:188} INFO - [2025-10-27T23:56:58.426+0000] {dag.py:3954} INFO - Setting next_dagrun for hello_world to 2025-10-27 00:00:00+00:00, run_after=2025-10-28 00:00:00+00:00
[2025-10-27T23:56:58.442+0000] {processor.py:183} INFO - Processing /opt/airflow/dags/hello_dag.py took 0.082 seconds
[2025-10-27T23:57:28.637+0000] {processor.py:161} INFO - Started process (PID=676) to work on /opt/airflow/dags/hello_dag.py
[2025-10-27T23:57:28.638+0000] {processor.py:830} INFO - Processing file /opt/airflow/dags/hello_dag.py for tasks to queue
[2025-10-27T23:57:28.640+0000] {logging_mixin.py:188} INFO - [2025-10-27T23:57:28.640+0000] {dagbag.py:545} INFO - Filling up the DagBag from /opt/airflow/dags/hello_dag.py
[2025-10-27T23:57:28.659+0000] {processor.py:840} INFO - DAG(s) 'hello_world' retrieved from /opt/airflow/dags/hello_dag.py
[2025-10-27T23:57:28.681+0000] {logging_mixin.py:188} INFO - [2025-10-27T23:57:28.681+0000] {dag.py:3096} INFO - Sync 1 DAGs
[2025-10-27T23:57:28.699+0000] {logging_mixin.py:188} INFO - [2025-10-27T23:57:28.699+0000] {dag.py:3954} INFO - Setting next_dagrun for hello_world to 2025-10-27 00:00:00+00:00, run_after=2025-10-28 00:00:00+00:00
[2025-10-27T23:57:28.716+0000] {processor.py:183} INFO - Processing /opt/airflow/dags/hello_dag.py took 0.084 seconds
[2025-10-27T23:57:58.894+0000] {processor.py:161} INFO - Started process (PID=686) to work on /opt/airflow/dags/hello_dag.py
[2025-10-27T23:57:58.895+0000] {processor.py:830} INFO - Processing file /opt/airflow/dags/hello_dag.py for tasks to queue
[2025-10-27T23:57:58.897+0000] {logging_mixin.py:188} INFO - [2025-10-27T23:57:58.896+0000] {dagbag.py:545} INFO - Filling up the DagBag from /opt/airflow/dags/hello_dag.py
[2025-10-27T23:57:58.915+0000] {processor.py:840} INFO - DAG(s) 'hello_world' retrieved from /opt/airflow/dags/hello_dag.py
[2025-10-27T23:57:58.938+0000] {logging_mixin.py:188} INFO - [2025-10-27T23:57:58.938+0000] {dag.py:3096} INFO - Sync 1 DAGs
[2025-10-27T23:57:58.957+0000] {logging_mixin.py:188} INFO - [2025-10-27T23:57:58.957+0000] {dag.py:3954} INFO - Setting next_dagrun for hello_world to 2025-10-27 00:00:00+00:00, run_after=2025-10-28 00:00:00+00:00
[2025-10-27T23:57:58.975+0000] {processor.py:183} INFO - Processing /opt/airflow/dags/hello_dag.py took 0.086 seconds
[2025-10-27T23:58:29.178+0000] {processor.py:161} INFO - Started process (PID=696) to work on /opt/airflow/dags/hello_dag.py
[2025-10-27T23:58:29.179+0000] {processor.py:830} INFO - Processing file /opt/airflow/dags/hello_dag.py for tasks to queue
[2025-10-27T23:58:29.181+0000] {logging_mixin.py:188} INFO - [2025-10-27T23:58:29.180+0000] {dagbag.py:545} INFO - Filling up the DagBag from /opt/airflow/dags/hello_dag.py
[2025-10-27T23:58:29.201+0000] {processor.py:840} INFO - DAG(s) 'hello_world' retrieved from /opt/airflow/dags/hello_dag.py
[2025-10-27T23:58:29.225+0000] {logging_mixin.py:188} INFO - [2025-10-27T23:58:29.224+0000] {dag.py:3096} INFO - Sync 1 DAGs
[2025-10-27T23:58:29.244+0000] {logging_mixin.py:188} INFO - [2025-10-27T23:58:29.244+0000] {dag.py:3954} INFO - Setting next_dagrun for hello_world to 2025-10-27 00:00:00+00:00, run_after=2025-10-28 00:00:00+00:00
[2025-10-27T23:58:29.262+0000] {processor.py:183} INFO - Processing /opt/airflow/dags/hello_dag.py took 0.091 seconds
[2025-10-27T23:58:59.426+0000] {processor.py:161} INFO - Started process (PID=706) to work on /opt/airflow/dags/hello_dag.py
[2025-10-27T23:58:59.427+0000] {processor.py:830} INFO - Processing file /opt/airflow/dags/hello_dag.py for tasks to queue
[2025-10-27T23:58:59.428+0000] {logging_mixin.py:188} INFO - [2025-10-27T23:58:59.428+0000] {dagbag.py:545} INFO - Filling up the DagBag from /opt/airflow/dags/hello_dag.py
[2025-10-27T23:58:59.447+0000] {processor.py:840} INFO - DAG(s) 'hello_world' retrieved from /opt/airflow/dags/hello_dag.py
[2025-10-27T23:58:59.470+0000] {logging_mixin.py:188} INFO - [2025-10-27T23:58:59.470+0000] {dag.py:3096} INFO - Sync 1 DAGs
[2025-10-27T23:58:59.488+0000] {logging_mixin.py:188} INFO - [2025-10-27T23:58:59.488+0000] {dag.py:3954} INFO - Setting next_dagrun for hello_world to 2025-10-27 00:00:00+00:00, run_after=2025-10-28 00:00:00+00:00
[2025-10-27T23:58:59.505+0000] {processor.py:183} INFO - Processing /opt/airflow/dags/hello_dag.py took 0.084 seconds
[2025-10-27T23:59:29.682+0000] {processor.py:161} INFO - Started process (PID=716) to work on /opt/airflow/dags/hello_dag.py
[2025-10-27T23:59:29.683+0000] {processor.py:830} INFO - Processing file /opt/airflow/dags/hello_dag.py for tasks to queue
[2025-10-27T23:59:29.685+0000] {logging_mixin.py:188} INFO - [2025-10-27T23:59:29.685+0000] {dagbag.py:545} INFO - Filling up the DagBag from /opt/airflow/dags/hello_dag.py
[2025-10-27T23:59:29.703+0000] {processor.py:840} INFO - DAG(s) 'hello_world' retrieved from /opt/airflow/dags/hello_dag.py
[2025-10-27T23:59:29.725+0000] {logging_mixin.py:188} INFO - [2025-10-27T23:59:29.724+0000] {dag.py:3096} INFO - Sync 1 DAGs
[2025-10-27T23:59:29.744+0000] {logging_mixin.py:188} INFO - [2025-10-27T23:59:29.744+0000] {dag.py:3954} INFO - Setting next_dagrun for hello_world to 2025-10-27 00:00:00+00:00, run_after=2025-10-28 00:00:00+00:00
[2025-10-27T23:59:29.762+0000] {processor.py:183} INFO - Processing /opt/airflow/dags/hello_dag.py took 0.085 seconds
[2025-10-27T23:59:59.953+0000] {processor.py:161} INFO - Started process (PID=726) to work on /opt/airflow/dags/hello_dag.py
[2025-10-27T23:59:59.954+0000] {processor.py:830} INFO - Processing file /opt/airflow/dags/hello_dag.py for tasks to queue
[2025-10-27T23:59:59.956+0000] {logging_mixin.py:188} INFO - [2025-10-27T23:59:59.955+0000] {dagbag.py:545} INFO - Filling up the DagBag from /opt/airflow/dags/hello_dag.py
[2025-10-27T23:59:59.974+0000] {processor.py:840} INFO - DAG(s) 'hello_world' retrieved from /opt/airflow/dags/hello_dag.py
[2025-10-27T23:59:59.997+0000] {logging_mixin.py:188} INFO - [2025-10-27T23:59:59.997+0000] {dag.py:3096} INFO - Sync 1 DAGs
[2025-10-28T00:00:00.019+0000] {logging_mixin.py:188} INFO - [2025-10-28T00:00:00.019+0000] {dag.py:3954} INFO - Setting next_dagrun for hello_world to 2025-10-27 00:00:00+00:00, run_after=2025-10-28 00:00:00+00:00
[2025-10-28T00:00:00.039+0000] {processor.py:183} INFO - Processing /opt/airflow/dags/hello_dag.py took 0.091 seconds
