[2025-10-27T23:53:15.350+0000] {processor.py:161} INFO - Started process (PID=579) to work on /opt/airflow/dags/my_first_dag.py
[2025-10-27T23:53:15.351+0000] {processor.py:830} INFO - Processing file /opt/airflow/dags/my_first_dag.py for tasks to queue
[2025-10-27T23:53:15.353+0000] {logging_mixin.py:188} INFO - [2025-10-27T23:53:15.353+0000] {dagbag.py:545} INFO - Filling up the DagBag from /opt/airflow/dags/my_first_dag.py
[2025-10-27T23:53:15.381+0000] {processor.py:840} INFO - DAG(s) 'my_first_dag' retrieved from /opt/airflow/dags/my_first_dag.py
[2025-10-27T23:53:15.561+0000] {logging_mixin.py:188} INFO - [2025-10-27T23:53:15.561+0000] {override.py:1829} INFO - Created Permission View: can delete on DAG:my_first_dag
[2025-10-27T23:53:15.571+0000] {logging_mixin.py:188} INFO - [2025-10-27T23:53:15.571+0000] {override.py:1829} INFO - Created Permission View: can read on DAG:my_first_dag
[2025-10-27T23:53:15.579+0000] {logging_mixin.py:188} INFO - [2025-10-27T23:53:15.579+0000] {override.py:1829} INFO - Created Permission View: can edit on DAG:my_first_dag
[2025-10-27T23:53:15.579+0000] {logging_mixin.py:188} INFO - [2025-10-27T23:53:15.579+0000] {dag.py:3096} INFO - Sync 1 DAGs
[2025-10-27T23:53:15.588+0000] {logging_mixin.py:188} INFO - [2025-10-27T23:53:15.588+0000] {dag.py:3118} INFO - Creating ORM DAG for my_first_dag
[2025-10-27T23:53:15.600+0000] {logging_mixin.py:188} INFO - [2025-10-27T23:53:15.600+0000] {dag.py:3954} INFO - Setting next_dagrun for my_first_dag to 2025-10-26 00:00:00+00:00, run_after=2025-10-27 00:00:00+00:00
[2025-10-27T23:53:15.618+0000] {processor.py:183} INFO - Processing /opt/airflow/dags/my_first_dag.py took 0.276 seconds
[2025-10-27T23:53:45.679+0000] {processor.py:161} INFO - Started process (PID=595) to work on /opt/airflow/dags/my_first_dag.py
[2025-10-27T23:53:45.680+0000] {processor.py:830} INFO - Processing file /opt/airflow/dags/my_first_dag.py for tasks to queue
[2025-10-27T23:53:45.682+0000] {logging_mixin.py:188} INFO - [2025-10-27T23:53:45.682+0000] {dagbag.py:545} INFO - Filling up the DagBag from /opt/airflow/dags/my_first_dag.py
[2025-10-27T23:53:45.701+0000] {processor.py:840} INFO - DAG(s) 'my_first_dag' retrieved from /opt/airflow/dags/my_first_dag.py
[2025-10-27T23:53:45.724+0000] {logging_mixin.py:188} INFO - [2025-10-27T23:53:45.724+0000] {dag.py:3096} INFO - Sync 1 DAGs
[2025-10-27T23:53:45.745+0000] {logging_mixin.py:188} INFO - [2025-10-27T23:53:45.745+0000] {dag.py:3954} INFO - Setting next_dagrun for my_first_dag to 2025-10-27 00:00:00+00:00, run_after=2025-10-28 00:00:00+00:00
[2025-10-27T23:53:45.763+0000] {processor.py:183} INFO - Processing /opt/airflow/dags/my_first_dag.py took 0.088 seconds
[2025-10-27T23:54:15.958+0000] {processor.py:161} INFO - Started process (PID=605) to work on /opt/airflow/dags/my_first_dag.py
[2025-10-27T23:54:15.959+0000] {processor.py:830} INFO - Processing file /opt/airflow/dags/my_first_dag.py for tasks to queue
[2025-10-27T23:54:15.961+0000] {logging_mixin.py:188} INFO - [2025-10-27T23:54:15.961+0000] {dagbag.py:545} INFO - Filling up the DagBag from /opt/airflow/dags/my_first_dag.py
[2025-10-27T23:54:15.983+0000] {processor.py:840} INFO - DAG(s) 'my_first_dag' retrieved from /opt/airflow/dags/my_first_dag.py
[2025-10-27T23:54:16.004+0000] {logging_mixin.py:188} INFO - [2025-10-27T23:54:16.004+0000] {dag.py:3096} INFO - Sync 1 DAGs
[2025-10-27T23:54:16.021+0000] {logging_mixin.py:188} INFO - [2025-10-27T23:54:16.021+0000] {dag.py:3954} INFO - Setting next_dagrun for my_first_dag to 2025-10-27 00:00:00+00:00, run_after=2025-10-28 00:00:00+00:00
[2025-10-27T23:54:16.044+0000] {processor.py:183} INFO - Processing /opt/airflow/dags/my_first_dag.py took 0.091 seconds
[2025-10-27T23:54:46.226+0000] {processor.py:161} INFO - Started process (PID=615) to work on /opt/airflow/dags/my_first_dag.py
[2025-10-27T23:54:46.227+0000] {processor.py:830} INFO - Processing file /opt/airflow/dags/my_first_dag.py for tasks to queue
[2025-10-27T23:54:46.228+0000] {logging_mixin.py:188} INFO - [2025-10-27T23:54:46.228+0000] {dagbag.py:545} INFO - Filling up the DagBag from /opt/airflow/dags/my_first_dag.py
[2025-10-27T23:54:46.247+0000] {processor.py:840} INFO - DAG(s) 'my_first_dag' retrieved from /opt/airflow/dags/my_first_dag.py
[2025-10-27T23:54:46.269+0000] {logging_mixin.py:188} INFO - [2025-10-27T23:54:46.269+0000] {dag.py:3096} INFO - Sync 1 DAGs
[2025-10-27T23:54:46.287+0000] {logging_mixin.py:188} INFO - [2025-10-27T23:54:46.286+0000] {dag.py:3954} INFO - Setting next_dagrun for my_first_dag to 2025-10-27 00:00:00+00:00, run_after=2025-10-28 00:00:00+00:00
[2025-10-27T23:54:46.304+0000] {processor.py:183} INFO - Processing /opt/airflow/dags/my_first_dag.py took 0.083 seconds
[2025-10-27T23:55:16.493+0000] {processor.py:161} INFO - Started process (PID=631) to work on /opt/airflow/dags/my_first_dag.py
[2025-10-27T23:55:16.494+0000] {processor.py:830} INFO - Processing file /opt/airflow/dags/my_first_dag.py for tasks to queue
[2025-10-27T23:55:16.496+0000] {logging_mixin.py:188} INFO - [2025-10-27T23:55:16.496+0000] {dagbag.py:545} INFO - Filling up the DagBag from /opt/airflow/dags/my_first_dag.py
[2025-10-27T23:55:16.516+0000] {processor.py:840} INFO - DAG(s) 'my_first_dag' retrieved from /opt/airflow/dags/my_first_dag.py
[2025-10-27T23:55:16.543+0000] {logging_mixin.py:188} INFO - [2025-10-27T23:55:16.543+0000] {dag.py:3096} INFO - Sync 1 DAGs
[2025-10-27T23:55:16.566+0000] {logging_mixin.py:188} INFO - [2025-10-27T23:55:16.565+0000] {dag.py:3954} INFO - Setting next_dagrun for my_first_dag to 2025-10-27 00:00:00+00:00, run_after=2025-10-28 00:00:00+00:00
[2025-10-27T23:55:16.584+0000] {processor.py:183} INFO - Processing /opt/airflow/dags/my_first_dag.py took 0.095 seconds
[2025-10-27T23:55:46.774+0000] {processor.py:161} INFO - Started process (PID=641) to work on /opt/airflow/dags/my_first_dag.py
[2025-10-27T23:55:46.775+0000] {processor.py:830} INFO - Processing file /opt/airflow/dags/my_first_dag.py for tasks to queue
[2025-10-27T23:55:46.776+0000] {logging_mixin.py:188} INFO - [2025-10-27T23:55:46.776+0000] {dagbag.py:545} INFO - Filling up the DagBag from /opt/airflow/dags/my_first_dag.py
[2025-10-27T23:55:46.797+0000] {processor.py:840} INFO - DAG(s) 'my_first_dag' retrieved from /opt/airflow/dags/my_first_dag.py
[2025-10-27T23:55:46.819+0000] {logging_mixin.py:188} INFO - [2025-10-27T23:55:46.819+0000] {dag.py:3096} INFO - Sync 1 DAGs
[2025-10-27T23:55:46.837+0000] {logging_mixin.py:188} INFO - [2025-10-27T23:55:46.837+0000] {dag.py:3954} INFO - Setting next_dagrun for my_first_dag to 2025-10-27 00:00:00+00:00, run_after=2025-10-28 00:00:00+00:00
[2025-10-27T23:55:46.855+0000] {processor.py:183} INFO - Processing /opt/airflow/dags/my_first_dag.py took 0.086 seconds
[2025-10-27T23:56:17.035+0000] {processor.py:161} INFO - Started process (PID=651) to work on /opt/airflow/dags/my_first_dag.py
[2025-10-27T23:56:17.036+0000] {processor.py:830} INFO - Processing file /opt/airflow/dags/my_first_dag.py for tasks to queue
[2025-10-27T23:56:17.037+0000] {logging_mixin.py:188} INFO - [2025-10-27T23:56:17.037+0000] {dagbag.py:545} INFO - Filling up the DagBag from /opt/airflow/dags/my_first_dag.py
[2025-10-27T23:56:17.056+0000] {processor.py:840} INFO - DAG(s) 'my_first_dag' retrieved from /opt/airflow/dags/my_first_dag.py
[2025-10-27T23:56:17.076+0000] {logging_mixin.py:188} INFO - [2025-10-27T23:56:17.076+0000] {dag.py:3096} INFO - Sync 1 DAGs
[2025-10-27T23:56:17.093+0000] {logging_mixin.py:188} INFO - [2025-10-27T23:56:17.093+0000] {dag.py:3954} INFO - Setting next_dagrun for my_first_dag to 2025-10-27 00:00:00+00:00, run_after=2025-10-28 00:00:00+00:00
[2025-10-27T23:56:17.110+0000] {processor.py:183} INFO - Processing /opt/airflow/dags/my_first_dag.py took 0.080 seconds
[2025-10-27T23:56:47.291+0000] {processor.py:161} INFO - Started process (PID=661) to work on /opt/airflow/dags/my_first_dag.py
[2025-10-27T23:56:47.292+0000] {processor.py:830} INFO - Processing file /opt/airflow/dags/my_first_dag.py for tasks to queue
[2025-10-27T23:56:47.294+0000] {logging_mixin.py:188} INFO - [2025-10-27T23:56:47.293+0000] {dagbag.py:545} INFO - Filling up the DagBag from /opt/airflow/dags/my_first_dag.py
[2025-10-27T23:56:47.315+0000] {processor.py:840} INFO - DAG(s) 'my_first_dag' retrieved from /opt/airflow/dags/my_first_dag.py
[2025-10-27T23:56:47.339+0000] {logging_mixin.py:188} INFO - [2025-10-27T23:56:47.339+0000] {dag.py:3096} INFO - Sync 1 DAGs
[2025-10-27T23:56:47.366+0000] {logging_mixin.py:188} INFO - [2025-10-27T23:56:47.366+0000] {dag.py:3954} INFO - Setting next_dagrun for my_first_dag to 2025-10-27 00:00:00+00:00, run_after=2025-10-28 00:00:00+00:00
[2025-10-27T23:56:47.384+0000] {processor.py:183} INFO - Processing /opt/airflow/dags/my_first_dag.py took 0.098 seconds
[2025-10-27T23:57:17.566+0000] {processor.py:161} INFO - Started process (PID=671) to work on /opt/airflow/dags/my_first_dag.py
[2025-10-27T23:57:17.567+0000] {processor.py:830} INFO - Processing file /opt/airflow/dags/my_first_dag.py for tasks to queue
[2025-10-27T23:57:17.568+0000] {logging_mixin.py:188} INFO - [2025-10-27T23:57:17.568+0000] {dagbag.py:545} INFO - Filling up the DagBag from /opt/airflow/dags/my_first_dag.py
[2025-10-27T23:57:17.587+0000] {processor.py:840} INFO - DAG(s) 'my_first_dag' retrieved from /opt/airflow/dags/my_first_dag.py
[2025-10-27T23:57:17.607+0000] {logging_mixin.py:188} INFO - [2025-10-27T23:57:17.606+0000] {dag.py:3096} INFO - Sync 1 DAGs
[2025-10-27T23:57:17.625+0000] {logging_mixin.py:188} INFO - [2025-10-27T23:57:17.625+0000] {dag.py:3954} INFO - Setting next_dagrun for my_first_dag to 2025-10-27 00:00:00+00:00, run_after=2025-10-28 00:00:00+00:00
[2025-10-27T23:57:17.642+0000] {processor.py:183} INFO - Processing /opt/airflow/dags/my_first_dag.py took 0.080 seconds
[2025-10-27T23:57:47.820+0000] {processor.py:161} INFO - Started process (PID=681) to work on /opt/airflow/dags/my_first_dag.py
[2025-10-27T23:57:47.821+0000] {processor.py:830} INFO - Processing file /opt/airflow/dags/my_first_dag.py for tasks to queue
[2025-10-27T23:57:47.822+0000] {logging_mixin.py:188} INFO - [2025-10-27T23:57:47.822+0000] {dagbag.py:545} INFO - Filling up the DagBag from /opt/airflow/dags/my_first_dag.py
[2025-10-27T23:57:47.841+0000] {processor.py:840} INFO - DAG(s) 'my_first_dag' retrieved from /opt/airflow/dags/my_first_dag.py
[2025-10-27T23:57:47.863+0000] {logging_mixin.py:188} INFO - [2025-10-27T23:57:47.863+0000] {dag.py:3096} INFO - Sync 1 DAGs
[2025-10-27T23:57:47.880+0000] {logging_mixin.py:188} INFO - [2025-10-27T23:57:47.880+0000] {dag.py:3954} INFO - Setting next_dagrun for my_first_dag to 2025-10-27 00:00:00+00:00, run_after=2025-10-28 00:00:00+00:00
[2025-10-27T23:57:47.897+0000] {processor.py:183} INFO - Processing /opt/airflow/dags/my_first_dag.py took 0.082 seconds
[2025-10-27T23:58:18.104+0000] {processor.py:161} INFO - Started process (PID=691) to work on /opt/airflow/dags/my_first_dag.py
[2025-10-27T23:58:18.105+0000] {processor.py:830} INFO - Processing file /opt/airflow/dags/my_first_dag.py for tasks to queue
[2025-10-27T23:58:18.107+0000] {logging_mixin.py:188} INFO - [2025-10-27T23:58:18.106+0000] {dagbag.py:545} INFO - Filling up the DagBag from /opt/airflow/dags/my_first_dag.py
[2025-10-27T23:58:18.125+0000] {processor.py:840} INFO - DAG(s) 'my_first_dag' retrieved from /opt/airflow/dags/my_first_dag.py
[2025-10-27T23:58:18.146+0000] {logging_mixin.py:188} INFO - [2025-10-27T23:58:18.146+0000] {dag.py:3096} INFO - Sync 1 DAGs
[2025-10-27T23:58:18.163+0000] {logging_mixin.py:188} INFO - [2025-10-27T23:58:18.163+0000] {dag.py:3954} INFO - Setting next_dagrun for my_first_dag to 2025-10-27 00:00:00+00:00, run_after=2025-10-28 00:00:00+00:00
[2025-10-27T23:58:18.179+0000] {processor.py:183} INFO - Processing /opt/airflow/dags/my_first_dag.py took 0.081 seconds
[2025-10-27T23:58:48.353+0000] {processor.py:161} INFO - Started process (PID=701) to work on /opt/airflow/dags/my_first_dag.py
[2025-10-27T23:58:48.353+0000] {processor.py:830} INFO - Processing file /opt/airflow/dags/my_first_dag.py for tasks to queue
[2025-10-27T23:58:48.355+0000] {logging_mixin.py:188} INFO - [2025-10-27T23:58:48.355+0000] {dagbag.py:545} INFO - Filling up the DagBag from /opt/airflow/dags/my_first_dag.py
[2025-10-27T23:58:48.373+0000] {processor.py:840} INFO - DAG(s) 'my_first_dag' retrieved from /opt/airflow/dags/my_first_dag.py
[2025-10-27T23:58:48.394+0000] {logging_mixin.py:188} INFO - [2025-10-27T23:58:48.394+0000] {dag.py:3096} INFO - Sync 1 DAGs
[2025-10-27T23:58:48.412+0000] {logging_mixin.py:188} INFO - [2025-10-27T23:58:48.412+0000] {dag.py:3954} INFO - Setting next_dagrun for my_first_dag to 2025-10-27 00:00:00+00:00, run_after=2025-10-28 00:00:00+00:00
[2025-10-27T23:58:48.430+0000] {processor.py:183} INFO - Processing /opt/airflow/dags/my_first_dag.py took 0.081 seconds
[2025-10-27T23:59:18.614+0000] {processor.py:161} INFO - Started process (PID=711) to work on /opt/airflow/dags/my_first_dag.py
[2025-10-27T23:59:18.615+0000] {processor.py:830} INFO - Processing file /opt/airflow/dags/my_first_dag.py for tasks to queue
[2025-10-27T23:59:18.618+0000] {logging_mixin.py:188} INFO - [2025-10-27T23:59:18.618+0000] {dagbag.py:545} INFO - Filling up the DagBag from /opt/airflow/dags/my_first_dag.py
[2025-10-27T23:59:18.648+0000] {processor.py:840} INFO - DAG(s) 'my_first_dag' retrieved from /opt/airflow/dags/my_first_dag.py
[2025-10-27T23:59:18.673+0000] {logging_mixin.py:188} INFO - [2025-10-27T23:59:18.673+0000] {dag.py:3096} INFO - Sync 1 DAGs
[2025-10-27T23:59:18.695+0000] {logging_mixin.py:188} INFO - [2025-10-27T23:59:18.694+0000] {dag.py:3954} INFO - Setting next_dagrun for my_first_dag to 2025-10-27 00:00:00+00:00, run_after=2025-10-28 00:00:00+00:00
[2025-10-27T23:59:18.713+0000] {processor.py:183} INFO - Processing /opt/airflow/dags/my_first_dag.py took 0.106 seconds
[2025-10-27T23:59:48.883+0000] {processor.py:161} INFO - Started process (PID=721) to work on /opt/airflow/dags/my_first_dag.py
[2025-10-27T23:59:48.884+0000] {processor.py:830} INFO - Processing file /opt/airflow/dags/my_first_dag.py for tasks to queue
[2025-10-27T23:59:48.886+0000] {logging_mixin.py:188} INFO - [2025-10-27T23:59:48.885+0000] {dagbag.py:545} INFO - Filling up the DagBag from /opt/airflow/dags/my_first_dag.py
[2025-10-27T23:59:48.903+0000] {processor.py:840} INFO - DAG(s) 'my_first_dag' retrieved from /opt/airflow/dags/my_first_dag.py
[2025-10-27T23:59:48.924+0000] {logging_mixin.py:188} INFO - [2025-10-27T23:59:48.924+0000] {dag.py:3096} INFO - Sync 1 DAGs
[2025-10-27T23:59:48.941+0000] {logging_mixin.py:188} INFO - [2025-10-27T23:59:48.941+0000] {dag.py:3954} INFO - Setting next_dagrun for my_first_dag to 2025-10-27 00:00:00+00:00, run_after=2025-10-28 00:00:00+00:00
[2025-10-27T23:59:48.957+0000] {processor.py:183} INFO - Processing /opt/airflow/dags/my_first_dag.py took 0.080 seconds
