[2025-10-28T00:04:29.686+0000] {local_task_job_runner.py:120} INFO - ::group::Pre task execution logs
[2025-10-28T00:04:29.728+0000] {taskinstance.py:2076} INFO - Dependencies all met for dep_context=non-requeueable deps ti=<TaskInstance: my_first_dag.print_date manual__2025-10-28T00:04:28.682518+00:00 [queued]>
[2025-10-28T00:04:29.735+0000] {taskinstance.py:2076} INFO - Dependencies all met for dep_context=requeueable deps ti=<TaskInstance: my_first_dag.print_date manual__2025-10-28T00:04:28.682518+00:00 [queued]>
[2025-10-28T00:04:29.735+0000] {taskinstance.py:2306} INFO - Starting attempt 1 of 1
[2025-10-28T00:04:29.749+0000] {taskinstance.py:2330} INFO - Executing <Task(BashOperator): print_date> on 2025-10-28 00:04:28.682518+00:00
[2025-10-28T00:04:29.757+0000] {standard_task_runner.py:90} INFO - Running: ['***', 'tasks', 'run', 'my_first_dag', 'print_date', 'manual__2025-10-28T00:04:28.682518+00:00', '--job-id', '11', '--raw', '--subdir', 'DAGS_FOLDER/my_first_dag.py', '--cfg-path', '/tmp/tmpakr4fea9']
[2025-10-28T00:04:29.760+0000] {standard_task_runner.py:91} INFO - Job 11: Subtask print_date
[2025-10-28T00:04:29.761+0000] {logging_mixin.py:188} WARNING - /home/***/.local/lib/python3.12/site-packages/***/task/task_runner/standard_task_runner.py:61 DeprecationWarning: This process (pid=824) is multi-threaded, use of fork() may lead to deadlocks in the child.
[2025-10-28T00:04:29.761+0000] {standard_task_runner.py:63} INFO - Started process 825 to run task
[2025-10-28T00:04:29.818+0000] {task_command.py:426} INFO - Running <TaskInstance: my_first_dag.print_date manual__2025-10-28T00:04:28.682518+00:00 [running]> on host a0d507de029d
[2025-10-28T00:04:29.899+0000] {taskinstance.py:2648} INFO - Exporting env vars: AIRFLOW_CTX_DAG_OWNER='***' AIRFLOW_CTX_DAG_ID='my_first_dag' AIRFLOW_CTX_TASK_ID='print_date' AIRFLOW_CTX_EXECUTION_DATE='2025-10-28T00:04:28.682518+00:00' AIRFLOW_CTX_TRY_NUMBER='1' AIRFLOW_CTX_DAG_RUN_ID='manual__2025-10-28T00:04:28.682518+00:00'
[2025-10-28T00:04:29.899+0000] {taskinstance.py:430} INFO - ::endgroup::
[2025-10-28T00:04:29.932+0000] {subprocess.py:63} INFO - Tmp dir root location: /tmp
[2025-10-28T00:04:29.934+0000] {subprocess.py:75} INFO - Running command: ['/usr/bin/bash', '-c', 'date']
[2025-10-28T00:04:29.945+0000] {subprocess.py:86} INFO - Output:
[2025-10-28T00:04:29.959+0000] {subprocess.py:93} INFO - Tue Oct 28 00:04:29 UTC 2025
[2025-10-28T00:04:29.961+0000] {subprocess.py:97} INFO - Command exited with return code 0
[2025-10-28T00:04:29.961+0000] {taskinstance.py:441} INFO - ::group::Post task execution logs
[2025-10-28T00:04:29.984+0000] {taskinstance.py:1206} INFO - Marking task as SUCCESS. dag_id=my_first_dag, task_id=print_date, run_id=manual__2025-10-28T00:04:28.682518+00:00, execution_date=20251028T000428, start_date=20251028T000429, end_date=20251028T000429
[2025-10-28T00:04:30.016+0000] {local_task_job_runner.py:240} INFO - Task exited with return code 0
[2025-10-28T00:04:30.032+0000] {taskinstance.py:3498} INFO - 1 downstream tasks scheduled from follow-on schedule check
[2025-10-28T00:04:30.036+0000] {local_task_job_runner.py:222} INFO - ::endgroup::
