[2025-10-28T00:37:14.958+0000] {local_task_job_runner.py:120} INFO - ::group::Pre task execution logs
[2025-10-28T00:37:14.995+0000] {taskinstance.py:2076} INFO - Dependencies all met for dep_context=non-requeueable deps ti=<TaskInstance: download_dataset_dag.download_task scheduled__2025-10-27T00:00:00+00:00 [queued]>
[2025-10-28T00:37:15.001+0000] {taskinstance.py:2076} INFO - Dependencies all met for dep_context=requeueable deps ti=<TaskInstance: download_dataset_dag.download_task scheduled__2025-10-27T00:00:00+00:00 [queued]>
[2025-10-28T00:37:15.002+0000] {taskinstance.py:2306} INFO - Starting attempt 1 of 1
[2025-10-28T00:37:15.014+0000] {taskinstance.py:2330} INFO - Executing <Task(PythonOperator): download_task> on 2025-10-27 00:00:00+00:00
[2025-10-28T00:37:15.021+0000] {standard_task_runner.py:90} INFO - Running: ['***', 'tasks', 'run', 'download_dataset_dag', 'download_task', 'scheduled__2025-10-27T00:00:00+00:00', '--job-id', '17', '--raw', '--subdir', 'DAGS_FOLDER/census_data_pipeline.py', '--cfg-path', '/tmp/tmpn0ga7ybf']
[2025-10-28T00:37:15.024+0000] {standard_task_runner.py:91} INFO - Job 17: Subtask download_task
[2025-10-28T00:37:15.024+0000] {logging_mixin.py:188} WARNING - /home/***/.local/lib/python3.12/site-packages/***/task/task_runner/standard_task_runner.py:61 DeprecationWarning: This process (pid=1927) is multi-threaded, use of fork() may lead to deadlocks in the child.
[2025-10-28T00:37:15.025+0000] {standard_task_runner.py:63} INFO - Started process 1928 to run task
[2025-10-28T00:37:15.076+0000] {task_command.py:426} INFO - Running <TaskInstance: download_dataset_dag.download_task scheduled__2025-10-27T00:00:00+00:00 [running]> on host a0d507de029d
[2025-10-28T00:37:15.149+0000] {taskinstance.py:2648} INFO - Exporting env vars: AIRFLOW_CTX_DAG_OWNER='***' AIRFLOW_CTX_DAG_ID='download_dataset_dag' AIRFLOW_CTX_TASK_ID='download_task' AIRFLOW_CTX_EXECUTION_DATE='2025-10-27T00:00:00+00:00' AIRFLOW_CTX_TRY_NUMBER='1' AIRFLOW_CTX_DAG_RUN_ID='scheduled__2025-10-27T00:00:00+00:00'
[2025-10-28T00:37:15.151+0000] {taskinstance.py:430} INFO - ::endgroup::
[2025-10-28T00:37:15.380+0000] {logging_mixin.py:188} INFO - Data downloaded and saved to /opt/***/dags/output/city_census.csv
[2025-10-28T00:37:15.381+0000] {python.py:237} INFO - Done. Returned value was: None
[2025-10-28T00:37:15.382+0000] {taskinstance.py:441} INFO - ::group::Post task execution logs
[2025-10-28T00:37:15.390+0000] {taskinstance.py:1206} INFO - Marking task as SUCCESS. dag_id=download_dataset_dag, task_id=download_task, run_id=scheduled__2025-10-27T00:00:00+00:00, execution_date=20251027T000000, start_date=20251028T003714, end_date=20251028T003715
[2025-10-28T00:37:15.439+0000] {local_task_job_runner.py:240} INFO - Task exited with return code 0
[2025-10-28T00:37:15.448+0000] {local_task_job_runner.py:222} INFO - ::endgroup::
[2025-10-28T02:03:29.482+0000] {local_task_job_runner.py:120} INFO - ::group::Pre task execution logs
[2025-10-28T02:03:29.518+0000] {taskinstance.py:2076} INFO - Dependencies all met for dep_context=non-requeueable deps ti=<TaskInstance: download_dataset_dag.download_task scheduled__2025-10-27T00:00:00+00:00 [queued]>
[2025-10-28T02:03:29.524+0000] {taskinstance.py:2076} INFO - Dependencies all met for dep_context=requeueable deps ti=<TaskInstance: download_dataset_dag.download_task scheduled__2025-10-27T00:00:00+00:00 [queued]>
[2025-10-28T02:03:29.524+0000] {taskinstance.py:2306} INFO - Starting attempt 1 of 1
[2025-10-28T02:03:29.535+0000] {taskinstance.py:2330} INFO - Executing <Task(PythonOperator): download_task> on 2025-10-27 00:00:00+00:00
[2025-10-28T02:03:29.545+0000] {standard_task_runner.py:90} INFO - Running: ['***', 'tasks', 'run', 'download_dataset_dag', 'download_task', 'scheduled__2025-10-27T00:00:00+00:00', '--job-id', '6', '--raw', '--subdir', 'DAGS_FOLDER/census_data_pipeline.py', '--cfg-path', '/tmp/tmpjo_n38du']
[2025-10-28T02:03:29.547+0000] {logging_mixin.py:188} WARNING - /home/***/.local/lib/python3.12/site-packages/***/task/task_runner/standard_task_runner.py:61 DeprecationWarning: This process (pid=1393) is multi-threaded, use of fork() may lead to deadlocks in the child.
[2025-10-28T02:03:29.548+0000] {standard_task_runner.py:91} INFO - Job 6: Subtask download_task
[2025-10-28T02:03:29.548+0000] {standard_task_runner.py:63} INFO - Started process 1395 to run task
[2025-10-28T02:03:29.606+0000] {task_command.py:426} INFO - Running <TaskInstance: download_dataset_dag.download_task scheduled__2025-10-27T00:00:00+00:00 [running]> on host 0c26c4342d97
[2025-10-28T02:03:29.680+0000] {taskinstance.py:2648} INFO - Exporting env vars: AIRFLOW_CTX_DAG_OWNER='***' AIRFLOW_CTX_DAG_ID='download_dataset_dag' AIRFLOW_CTX_TASK_ID='download_task' AIRFLOW_CTX_EXECUTION_DATE='2025-10-27T00:00:00+00:00' AIRFLOW_CTX_TRY_NUMBER='1' AIRFLOW_CTX_DAG_RUN_ID='scheduled__2025-10-27T00:00:00+00:00'
[2025-10-28T02:03:29.681+0000] {taskinstance.py:430} INFO - ::endgroup::
[2025-10-28T02:03:30.084+0000] {logging_mixin.py:188} INFO - Data downloaded and saved to /opt/***/dags/output/city_census.csv
[2025-10-28T02:03:30.085+0000] {python.py:237} INFO - Done. Returned value was: None
[2025-10-28T02:03:30.086+0000] {taskinstance.py:441} INFO - ::group::Post task execution logs
[2025-10-28T02:03:30.093+0000] {taskinstance.py:1206} INFO - Marking task as SUCCESS. dag_id=download_dataset_dag, task_id=download_task, run_id=scheduled__2025-10-27T00:00:00+00:00, execution_date=20251027T000000, start_date=20251028T020329, end_date=20251028T020330
[2025-10-28T02:03:30.123+0000] {local_task_job_runner.py:240} INFO - Task exited with return code 0
[2025-10-28T02:03:30.138+0000] {taskinstance.py:3498} INFO - 1 downstream tasks scheduled from follow-on schedule check
[2025-10-28T02:03:30.142+0000] {local_task_job_runner.py:222} INFO - ::endgroup::
