[2025-10-28T00:00:01.780+0000] {local_task_job_runner.py:120} INFO - ::group::Pre task execution logs
[2025-10-28T00:00:01.804+0000] {taskinstance.py:2076} INFO - Dependencies all met for dep_context=non-requeueable deps ti=<TaskInstance: my_first_dag.say_hi scheduled__2025-10-27T00:00:00+00:00 [queued]>
[2025-10-28T00:00:01.810+0000] {taskinstance.py:2076} INFO - Dependencies all met for dep_context=requeueable deps ti=<TaskInstance: my_first_dag.say_hi scheduled__2025-10-27T00:00:00+00:00 [queued]>
[2025-10-28T00:00:01.810+0000] {taskinstance.py:2306} INFO - Starting attempt 1 of 1
[2025-10-28T00:00:01.822+0000] {taskinstance.py:2330} INFO - Executing <Task(BashOperator): say_hi> on 2025-10-27 00:00:00+00:00
[2025-10-28T00:00:01.829+0000] {standard_task_runner.py:90} INFO - Running: ['***', 'tasks', 'run', 'my_first_dag', 'say_hi', 'scheduled__2025-10-27T00:00:00+00:00', '--job-id', '10', '--raw', '--subdir', 'DAGS_FOLDER/my_first_dag.py', '--cfg-path', '/tmp/tmpfjxnp7lk']
[2025-10-28T00:00:01.831+0000] {standard_task_runner.py:91} INFO - Job 10: Subtask say_hi
[2025-10-28T00:00:01.831+0000] {logging_mixin.py:188} WARNING - /home/***/.local/lib/python3.12/site-packages/***/task/task_runner/standard_task_runner.py:61 DeprecationWarning: This process (pid=736) is multi-threaded, use of fork() may lead to deadlocks in the child.
[2025-10-28T00:00:01.832+0000] {standard_task_runner.py:63} INFO - Started process 737 to run task
[2025-10-28T00:00:01.877+0000] {task_command.py:426} INFO - Running <TaskInstance: my_first_dag.say_hi scheduled__2025-10-27T00:00:00+00:00 [running]> on host a0d507de029d
[2025-10-28T00:00:01.949+0000] {taskinstance.py:2648} INFO - Exporting env vars: AIRFLOW_CTX_DAG_OWNER='***' AIRFLOW_CTX_DAG_ID='my_first_dag' AIRFLOW_CTX_TASK_ID='say_hi' AIRFLOW_CTX_EXECUTION_DATE='2025-10-27T00:00:00+00:00' AIRFLOW_CTX_TRY_NUMBER='1' AIRFLOW_CTX_DAG_RUN_ID='scheduled__2025-10-27T00:00:00+00:00'
[2025-10-28T00:00:01.950+0000] {taskinstance.py:430} INFO - ::endgroup::
[2025-10-28T00:00:01.961+0000] {subprocess.py:63} INFO - Tmp dir root location: /tmp
[2025-10-28T00:00:01.962+0000] {subprocess.py:75} INFO - Running command: ['/usr/bin/bash', '-c', "echo 'Hello from Airflow on Python 3.12!'"]
[2025-10-28T00:00:01.971+0000] {subprocess.py:86} INFO - Output:
[2025-10-28T00:00:01.973+0000] {subprocess.py:93} INFO - Hello from Airflow on Python 3.12!
[2025-10-28T00:00:01.973+0000] {subprocess.py:97} INFO - Command exited with return code 0
[2025-10-28T00:00:01.974+0000] {taskinstance.py:441} INFO - ::group::Post task execution logs
[2025-10-28T00:00:01.995+0000] {taskinstance.py:1206} INFO - Marking task as SUCCESS. dag_id=my_first_dag, task_id=say_hi, run_id=scheduled__2025-10-27T00:00:00+00:00, execution_date=20251027T000000, start_date=20251028T000001, end_date=20251028T000001
[2025-10-28T00:00:02.045+0000] {local_task_job_runner.py:240} INFO - Task exited with return code 0
[2025-10-28T00:00:02.058+0000] {taskinstance.py:3498} INFO - 0 downstream tasks scheduled from follow-on schedule check
[2025-10-28T00:00:02.079+0000] {local_task_job_runner.py:222} INFO - ::endgroup::
[2025-10-28T01:25:57.474+0000] {local_task_job_runner.py:120} INFO - ::group::Pre task execution logs
[2025-10-28T01:25:57.497+0000] {taskinstance.py:2076} INFO - Dependencies all met for dep_context=non-requeueable deps ti=<TaskInstance: my_first_dag.say_hi scheduled__2025-10-27T00:00:00+00:00 [queued]>
[2025-10-28T01:25:57.503+0000] {taskinstance.py:2076} INFO - Dependencies all met for dep_context=requeueable deps ti=<TaskInstance: my_first_dag.say_hi scheduled__2025-10-27T00:00:00+00:00 [queued]>
[2025-10-28T01:25:57.507+0000] {taskinstance.py:2306} INFO - Starting attempt 1 of 1
[2025-10-28T01:25:57.520+0000] {taskinstance.py:2330} INFO - Executing <Task(BashOperator): say_hi> on 2025-10-27 00:00:00+00:00
[2025-10-28T01:25:57.528+0000] {standard_task_runner.py:90} INFO - Running: ['***', 'tasks', 'run', 'my_first_dag', 'say_hi', 'scheduled__2025-10-27T00:00:00+00:00', '--job-id', '5', '--raw', '--subdir', 'DAGS_FOLDER/my_first_dag.py', '--cfg-path', '/tmp/tmpbrch21g2']
[2025-10-28T01:25:57.530+0000] {standard_task_runner.py:91} INFO - Job 5: Subtask say_hi
[2025-10-28T01:25:57.531+0000] {logging_mixin.py:188} WARNING - /home/***/.local/lib/python3.12/site-packages/***/task/task_runner/standard_task_runner.py:61 DeprecationWarning: This process (pid=212) is multi-threaded, use of fork() may lead to deadlocks in the child.
[2025-10-28T01:25:57.532+0000] {standard_task_runner.py:63} INFO - Started process 213 to run task
[2025-10-28T01:25:57.582+0000] {task_command.py:426} INFO - Running <TaskInstance: my_first_dag.say_hi scheduled__2025-10-27T00:00:00+00:00 [running]> on host 0c26c4342d97
[2025-10-28T01:25:57.649+0000] {taskinstance.py:2648} INFO - Exporting env vars: AIRFLOW_CTX_DAG_OWNER='***' AIRFLOW_CTX_DAG_ID='my_first_dag' AIRFLOW_CTX_TASK_ID='say_hi' AIRFLOW_CTX_EXECUTION_DATE='2025-10-27T00:00:00+00:00' AIRFLOW_CTX_TRY_NUMBER='1' AIRFLOW_CTX_DAG_RUN_ID='scheduled__2025-10-27T00:00:00+00:00'
[2025-10-28T01:25:57.649+0000] {taskinstance.py:430} INFO - ::endgroup::
[2025-10-28T01:25:57.663+0000] {subprocess.py:63} INFO - Tmp dir root location: /tmp
[2025-10-28T01:25:57.664+0000] {subprocess.py:75} INFO - Running command: ['/usr/bin/bash', '-c', "echo 'Hello from Airflow on Python 3.12!'"]
[2025-10-28T01:25:57.672+0000] {subprocess.py:86} INFO - Output:
[2025-10-28T01:25:57.674+0000] {subprocess.py:93} INFO - Hello from Airflow on Python 3.12!
[2025-10-28T01:25:57.675+0000] {subprocess.py:97} INFO - Command exited with return code 0
[2025-10-28T01:25:57.676+0000] {taskinstance.py:441} INFO - ::group::Post task execution logs
[2025-10-28T01:25:57.700+0000] {taskinstance.py:1206} INFO - Marking task as SUCCESS. dag_id=my_first_dag, task_id=say_hi, run_id=scheduled__2025-10-27T00:00:00+00:00, execution_date=20251027T000000, start_date=20251028T012557, end_date=20251028T012557
[2025-10-28T01:25:57.746+0000] {local_task_job_runner.py:240} INFO - Task exited with return code 0
[2025-10-28T01:25:57.758+0000] {taskinstance.py:3498} INFO - 0 downstream tasks scheduled from follow-on schedule check
[2025-10-28T01:25:57.762+0000] {local_task_job_runner.py:222} INFO - ::endgroup::
