[2025-10-28T00:04:59.085+0000] {local_task_job_runner.py:120} INFO - ::group::Pre task execution logs
[2025-10-28T00:04:59.113+0000] {taskinstance.py:2076} INFO - Dependencies all met for dep_context=non-requeueable deps ti=<TaskInstance: my_first_dag.say_hi manual__2025-10-28T00:04:56.786853+00:00 [queued]>
[2025-10-28T00:04:59.119+0000] {taskinstance.py:2076} INFO - Dependencies all met for dep_context=requeueable deps ti=<TaskInstance: my_first_dag.say_hi manual__2025-10-28T00:04:56.786853+00:00 [queued]>
[2025-10-28T00:04:59.119+0000] {taskinstance.py:2306} INFO - Starting attempt 1 of 1
[2025-10-28T00:04:59.131+0000] {taskinstance.py:2330} INFO - Executing <Task(BashOperator): say_hi> on 2025-10-28 00:04:56.786853+00:00
[2025-10-28T00:04:59.140+0000] {standard_task_runner.py:90} INFO - Running: ['***', 'tasks', 'run', 'my_first_dag', 'say_hi', 'manual__2025-10-28T00:04:56.786853+00:00', '--job-id', '16', '--raw', '--subdir', 'DAGS_FOLDER/my_first_dag.py', '--cfg-path', '/tmp/tmps6kexgn4']
[2025-10-28T00:04:59.143+0000] {standard_task_runner.py:91} INFO - Job 16: Subtask say_hi
[2025-10-28T00:04:59.143+0000] {logging_mixin.py:188} WARNING - /home/***/.local/lib/python3.12/site-packages/***/task/task_runner/standard_task_runner.py:61 DeprecationWarning: This process (pid=849) is multi-threaded, use of fork() may lead to deadlocks in the child.
[2025-10-28T00:04:59.144+0000] {standard_task_runner.py:63} INFO - Started process 850 to run task
[2025-10-28T00:04:59.194+0000] {task_command.py:426} INFO - Running <TaskInstance: my_first_dag.say_hi manual__2025-10-28T00:04:56.786853+00:00 [running]> on host a0d507de029d
[2025-10-28T00:04:59.291+0000] {taskinstance.py:2648} INFO - Exporting env vars: AIRFLOW_CTX_DAG_OWNER='***' AIRFLOW_CTX_DAG_ID='my_first_dag' AIRFLOW_CTX_TASK_ID='say_hi' AIRFLOW_CTX_EXECUTION_DATE='2025-10-28T00:04:56.786853+00:00' AIRFLOW_CTX_TRY_NUMBER='1' AIRFLOW_CTX_DAG_RUN_ID='manual__2025-10-28T00:04:56.786853+00:00'
[2025-10-28T00:04:59.291+0000] {taskinstance.py:430} INFO - ::endgroup::
[2025-10-28T00:04:59.304+0000] {subprocess.py:63} INFO - Tmp dir root location: /tmp
[2025-10-28T00:04:59.305+0000] {subprocess.py:75} INFO - Running command: ['/usr/bin/bash', '-c', "echo 'Hello from Airflow on Python 3.12!'"]
[2025-10-28T00:04:59.314+0000] {subprocess.py:86} INFO - Output:
[2025-10-28T00:04:59.316+0000] {subprocess.py:93} INFO - Hello from Airflow on Python 3.12!
[2025-10-28T00:04:59.316+0000] {subprocess.py:97} INFO - Command exited with return code 0
[2025-10-28T00:04:59.317+0000] {taskinstance.py:441} INFO - ::group::Post task execution logs
[2025-10-28T00:04:59.337+0000] {taskinstance.py:1206} INFO - Marking task as SUCCESS. dag_id=my_first_dag, task_id=say_hi, run_id=manual__2025-10-28T00:04:56.786853+00:00, execution_date=20251028T000456, start_date=20251028T000459, end_date=20251028T000459
[2025-10-28T00:04:59.358+0000] {local_task_job_runner.py:240} INFO - Task exited with return code 0
[2025-10-28T00:04:59.371+0000] {taskinstance.py:3498} INFO - 0 downstream tasks scheduled from follow-on schedule check
[2025-10-28T00:04:59.374+0000] {local_task_job_runner.py:222} INFO - ::endgroup::
