[2025-10-28T00:00:00.716+0000] {local_task_job_runner.py:120} INFO - ::group::Pre task execution logs
[2025-10-28T00:00:00.751+0000] {taskinstance.py:2076} INFO - Dependencies all met for dep_context=non-requeueable deps ti=<TaskInstance: hello_world.hello_task scheduled__2025-10-27T00:00:00+00:00 [queued]>
[2025-10-28T00:00:00.757+0000] {taskinstance.py:2076} INFO - Dependencies all met for dep_context=requeueable deps ti=<TaskInstance: hello_world.hello_task scheduled__2025-10-27T00:00:00+00:00 [queued]>
[2025-10-28T00:00:00.758+0000] {taskinstance.py:2306} INFO - Starting attempt 1 of 1
[2025-10-28T00:00:00.772+0000] {taskinstance.py:2330} INFO - Executing <Task(PythonOperator): hello_task> on 2025-10-27 00:00:00+00:00
[2025-10-28T00:00:00.778+0000] {standard_task_runner.py:90} INFO - Running: ['***', 'tasks', 'run', 'hello_world', 'hello_task', 'scheduled__2025-10-27T00:00:00+00:00', '--job-id', '9', '--raw', '--subdir', 'DAGS_FOLDER/hello_dag.py', '--cfg-path', '/tmp/tmp89jr7bbt']
[2025-10-28T00:00:00.781+0000] {standard_task_runner.py:91} INFO - Job 9: Subtask hello_task
[2025-10-28T00:00:00.782+0000] {logging_mixin.py:188} WARNING - /home/***/.local/lib/python3.12/site-packages/***/task/task_runner/standard_task_runner.py:61 DeprecationWarning: This process (pid=731) is multi-threaded, use of fork() may lead to deadlocks in the child.
[2025-10-28T00:00:00.782+0000] {standard_task_runner.py:63} INFO - Started process 734 to run task
[2025-10-28T00:00:00.833+0000] {task_command.py:426} INFO - Running <TaskInstance: hello_world.hello_task scheduled__2025-10-27T00:00:00+00:00 [running]> on host a0d507de029d
[2025-10-28T00:00:00.915+0000] {taskinstance.py:2648} INFO - Exporting env vars: AIRFLOW_CTX_DAG_OWNER='***' AIRFLOW_CTX_DAG_ID='hello_world' AIRFLOW_CTX_TASK_ID='hello_task' AIRFLOW_CTX_EXECUTION_DATE='2025-10-27T00:00:00+00:00' AIRFLOW_CTX_TRY_NUMBER='1' AIRFLOW_CTX_DAG_RUN_ID='scheduled__2025-10-27T00:00:00+00:00'
[2025-10-28T00:00:00.915+0000] {taskinstance.py:430} INFO - ::endgroup::
[2025-10-28T00:00:00.927+0000] {hello_dag.py:27} INFO - Hello from Airflow on Python 3.12!
[2025-10-28T00:00:00.927+0000] {python.py:237} INFO - Done. Returned value was: None
[2025-10-28T00:00:00.928+0000] {taskinstance.py:441} INFO - ::group::Post task execution logs
[2025-10-28T00:00:00.936+0000] {taskinstance.py:1206} INFO - Marking task as SUCCESS. dag_id=hello_world, task_id=hello_task, run_id=scheduled__2025-10-27T00:00:00+00:00, execution_date=20251027T000000, start_date=20251028T000000, end_date=20251028T000000
[2025-10-28T00:00:00.956+0000] {local_task_job_runner.py:240} INFO - Task exited with return code 0
[2025-10-28T00:00:00.970+0000] {taskinstance.py:3498} INFO - 0 downstream tasks scheduled from follow-on schedule check
[2025-10-28T00:00:00.974+0000] {local_task_job_runner.py:222} INFO - ::endgroup::
[2025-10-28T01:25:56.477+0000] {local_task_job_runner.py:120} INFO - ::group::Pre task execution logs
[2025-10-28T01:25:56.542+0000] {taskinstance.py:2076} INFO - Dependencies all met for dep_context=non-requeueable deps ti=<TaskInstance: hello_world.hello_task scheduled__2025-10-27T00:00:00+00:00 [queued]>
[2025-10-28T01:25:56.551+0000] {taskinstance.py:2076} INFO - Dependencies all met for dep_context=requeueable deps ti=<TaskInstance: hello_world.hello_task scheduled__2025-10-27T00:00:00+00:00 [queued]>
[2025-10-28T01:25:56.552+0000] {taskinstance.py:2306} INFO - Starting attempt 1 of 1
[2025-10-28T01:25:56.574+0000] {taskinstance.py:2330} INFO - Executing <Task(PythonOperator): hello_task> on 2025-10-27 00:00:00+00:00
[2025-10-28T01:25:56.587+0000] {standard_task_runner.py:90} INFO - Running: ['***', 'tasks', 'run', 'hello_world', 'hello_task', 'scheduled__2025-10-27T00:00:00+00:00', '--job-id', '3', '--raw', '--subdir', 'DAGS_FOLDER/hello_dag.py', '--cfg-path', '/tmp/tmpoymm8ivm']
[2025-10-28T01:25:56.590+0000] {standard_task_runner.py:91} INFO - Job 3: Subtask hello_task
[2025-10-28T01:25:56.592+0000] {logging_mixin.py:188} WARNING - /home/***/.local/lib/python3.12/site-packages/***/task/task_runner/standard_task_runner.py:61 DeprecationWarning: This process (pid=207) is multi-threaded, use of fork() may lead to deadlocks in the child.
[2025-10-28T01:25:56.593+0000] {standard_task_runner.py:63} INFO - Started process 210 to run task
[2025-10-28T01:25:56.650+0000] {task_command.py:426} INFO - Running <TaskInstance: hello_world.hello_task scheduled__2025-10-27T00:00:00+00:00 [running]> on host 0c26c4342d97
[2025-10-28T01:25:56.762+0000] {taskinstance.py:2648} INFO - Exporting env vars: AIRFLOW_CTX_DAG_OWNER='***' AIRFLOW_CTX_DAG_ID='hello_world' AIRFLOW_CTX_TASK_ID='hello_task' AIRFLOW_CTX_EXECUTION_DATE='2025-10-27T00:00:00+00:00' AIRFLOW_CTX_TRY_NUMBER='1' AIRFLOW_CTX_DAG_RUN_ID='scheduled__2025-10-27T00:00:00+00:00'
[2025-10-28T01:25:56.762+0000] {taskinstance.py:430} INFO - ::endgroup::
[2025-10-28T01:25:56.789+0000] {hello_dag.py:27} INFO - Hello from Airflow on Python 3.12!
[2025-10-28T01:25:56.790+0000] {python.py:237} INFO - Done. Returned value was: None
[2025-10-28T01:25:56.790+0000] {taskinstance.py:441} INFO - ::group::Post task execution logs
[2025-10-28T01:25:56.798+0000] {taskinstance.py:1206} INFO - Marking task as SUCCESS. dag_id=hello_world, task_id=hello_task, run_id=scheduled__2025-10-27T00:00:00+00:00, execution_date=20251027T000000, start_date=20251028T012556, end_date=20251028T012556
[2025-10-28T01:25:56.848+0000] {local_task_job_runner.py:240} INFO - Task exited with return code 0
[2025-10-28T01:25:56.860+0000] {taskinstance.py:3498} INFO - 0 downstream tasks scheduled from follow-on schedule check
[2025-10-28T01:25:56.864+0000] {local_task_job_runner.py:222} INFO - ::endgroup::
