[2025-10-28T00:00:00.716+0000] {local_task_job_runner.py:120} INFO - ::group::Pre task execution logs
[2025-10-28T00:00:00.751+0000] {taskinstance.py:2076} INFO - Dependencies all met for dep_context=non-requeueable deps ti=<TaskInstance: my_first_dag.print_date scheduled__2025-10-27T00:00:00+00:00 [queued]>
[2025-10-28T00:00:00.757+0000] {taskinstance.py:2076} INFO - Dependencies all met for dep_context=requeueable deps ti=<TaskInstance: my_first_dag.print_date scheduled__2025-10-27T00:00:00+00:00 [queued]>
[2025-10-28T00:00:00.758+0000] {taskinstance.py:2306} INFO - Starting attempt 1 of 1
[2025-10-28T00:00:00.769+0000] {taskinstance.py:2330} INFO - Executing <Task(BashOperator): print_date> on 2025-10-27 00:00:00+00:00
[2025-10-28T00:00:00.777+0000] {standard_task_runner.py:90} INFO - Running: ['***', 'tasks', 'run', 'my_first_dag', 'print_date', 'scheduled__2025-10-27T00:00:00+00:00', '--job-id', '8', '--raw', '--subdir', 'DAGS_FOLDER/my_first_dag.py', '--cfg-path', '/tmp/tmpfwwq7i8j']
[2025-10-28T00:00:00.779+0000] {standard_task_runner.py:91} INFO - Job 8: Subtask print_date
[2025-10-28T00:00:00.779+0000] {logging_mixin.py:188} WARNING - /home/***/.local/lib/python3.12/site-packages/***/task/task_runner/standard_task_runner.py:61 DeprecationWarning: This process (pid=732) is multi-threaded, use of fork() may lead to deadlocks in the child.
[2025-10-28T00:00:00.780+0000] {standard_task_runner.py:63} INFO - Started process 733 to run task
[2025-10-28T00:00:00.833+0000] {task_command.py:426} INFO - Running <TaskInstance: my_first_dag.print_date scheduled__2025-10-27T00:00:00+00:00 [running]> on host a0d507de029d
[2025-10-28T00:00:00.913+0000] {taskinstance.py:2648} INFO - Exporting env vars: AIRFLOW_CTX_DAG_OWNER='***' AIRFLOW_CTX_DAG_ID='my_first_dag' AIRFLOW_CTX_TASK_ID='print_date' AIRFLOW_CTX_EXECUTION_DATE='2025-10-27T00:00:00+00:00' AIRFLOW_CTX_TRY_NUMBER='1' AIRFLOW_CTX_DAG_RUN_ID='scheduled__2025-10-27T00:00:00+00:00'
[2025-10-28T00:00:00.913+0000] {taskinstance.py:430} INFO - ::endgroup::
[2025-10-28T00:00:00.927+0000] {subprocess.py:63} INFO - Tmp dir root location: /tmp
[2025-10-28T00:00:00.929+0000] {subprocess.py:75} INFO - Running command: ['/usr/bin/bash', '-c', 'date']
[2025-10-28T00:00:00.940+0000] {subprocess.py:86} INFO - Output:
[2025-10-28T00:00:00.954+0000] {subprocess.py:93} INFO - Tue Oct 28 00:00:00 UTC 2025
[2025-10-28T00:00:00.956+0000] {subprocess.py:97} INFO - Command exited with return code 0
[2025-10-28T00:00:00.957+0000] {taskinstance.py:441} INFO - ::group::Post task execution logs
[2025-10-28T00:00:00.977+0000] {taskinstance.py:1206} INFO - Marking task as SUCCESS. dag_id=my_first_dag, task_id=print_date, run_id=scheduled__2025-10-27T00:00:00+00:00, execution_date=20251027T000000, start_date=20251028T000000, end_date=20251028T000000
[2025-10-28T00:00:01.034+0000] {local_task_job_runner.py:240} INFO - Task exited with return code 0
[2025-10-28T00:00:01.050+0000] {taskinstance.py:3498} INFO - 1 downstream tasks scheduled from follow-on schedule check
[2025-10-28T00:00:01.055+0000] {local_task_job_runner.py:222} INFO - ::endgroup::
[2025-10-28T01:25:56.478+0000] {local_task_job_runner.py:120} INFO - ::group::Pre task execution logs
[2025-10-28T01:25:56.532+0000] {taskinstance.py:2076} INFO - Dependencies all met for dep_context=non-requeueable deps ti=<TaskInstance: my_first_dag.print_date scheduled__2025-10-27T00:00:00+00:00 [queued]>
[2025-10-28T01:25:56.546+0000] {taskinstance.py:2076} INFO - Dependencies all met for dep_context=requeueable deps ti=<TaskInstance: my_first_dag.print_date scheduled__2025-10-27T00:00:00+00:00 [queued]>
[2025-10-28T01:25:56.548+0000] {taskinstance.py:2306} INFO - Starting attempt 1 of 1
[2025-10-28T01:25:56.567+0000] {taskinstance.py:2330} INFO - Executing <Task(BashOperator): print_date> on 2025-10-27 00:00:00+00:00
[2025-10-28T01:25:56.578+0000] {standard_task_runner.py:90} INFO - Running: ['***', 'tasks', 'run', 'my_first_dag', 'print_date', 'scheduled__2025-10-27T00:00:00+00:00', '--job-id', '4', '--raw', '--subdir', 'DAGS_FOLDER/my_first_dag.py', '--cfg-path', '/tmp/tmp7wm9rdch']
[2025-10-28T01:25:56.581+0000] {standard_task_runner.py:91} INFO - Job 4: Subtask print_date
[2025-10-28T01:25:56.587+0000] {logging_mixin.py:188} WARNING - /home/***/.local/lib/python3.12/site-packages/***/task/task_runner/standard_task_runner.py:61 DeprecationWarning: This process (pid=208) is multi-threaded, use of fork() may lead to deadlocks in the child.
[2025-10-28T01:25:56.588+0000] {standard_task_runner.py:63} INFO - Started process 209 to run task
[2025-10-28T01:25:56.648+0000] {task_command.py:426} INFO - Running <TaskInstance: my_first_dag.print_date scheduled__2025-10-27T00:00:00+00:00 [running]> on host 0c26c4342d97
[2025-10-28T01:25:56.766+0000] {taskinstance.py:2648} INFO - Exporting env vars: AIRFLOW_CTX_DAG_OWNER='***' AIRFLOW_CTX_DAG_ID='my_first_dag' AIRFLOW_CTX_TASK_ID='print_date' AIRFLOW_CTX_EXECUTION_DATE='2025-10-27T00:00:00+00:00' AIRFLOW_CTX_TRY_NUMBER='1' AIRFLOW_CTX_DAG_RUN_ID='scheduled__2025-10-27T00:00:00+00:00'
[2025-10-28T01:25:56.768+0000] {taskinstance.py:430} INFO - ::endgroup::
[2025-10-28T01:25:56.789+0000] {subprocess.py:63} INFO - Tmp dir root location: /tmp
[2025-10-28T01:25:56.790+0000] {subprocess.py:75} INFO - Running command: ['/usr/bin/bash', '-c', 'date']
[2025-10-28T01:25:56.801+0000] {subprocess.py:86} INFO - Output:
[2025-10-28T01:25:56.808+0000] {subprocess.py:93} INFO - Tue Oct 28 01:25:56 UTC 2025
[2025-10-28T01:25:56.808+0000] {subprocess.py:97} INFO - Command exited with return code 0
[2025-10-28T01:25:56.809+0000] {taskinstance.py:441} INFO - ::group::Post task execution logs
[2025-10-28T01:25:56.832+0000] {taskinstance.py:1206} INFO - Marking task as SUCCESS. dag_id=my_first_dag, task_id=print_date, run_id=scheduled__2025-10-27T00:00:00+00:00, execution_date=20251027T000000, start_date=20251028T012556, end_date=20251028T012556
[2025-10-28T01:25:56.882+0000] {local_task_job_runner.py:240} INFO - Task exited with return code 0
[2025-10-28T01:25:56.899+0000] {taskinstance.py:3498} INFO - 1 downstream tasks scheduled from follow-on schedule check
[2025-10-28T01:25:56.902+0000] {local_task_job_runner.py:222} INFO - ::endgroup::
